<?xml version="1.0" encoding="UTF-8"?>
<TestRun id="dd50f913-a5f9-4004-b4b1-165bd440a3b4" name="davidebb@DAVIDEBB-DEV10 2010-01-18 16:56:26" runUser="REDMOND\davidebb" xmlns="http://microsoft.com/schemas/VisualStudio/TeamTest/2010">
  <TestSettings name="Local" id="b2b2f6e3-bc8e-490c-9424-70eba3716a9e">
    <Description>These are default test settings for a local test run.</Description>
    <Deployment enabled="false" runDeploymentRoot="davidebb_DAVIDEBB-DEV10 2010-01-18 16_56_26" />
    <Execution>
      <TestTypeSpecific />
      <AgentRule name="Execution Agents">
      </AgentRule>
    </Execution>
  </TestSettings>
  <Times creation="2010-01-18T16:56:26.1365755-08:00" queuing="2010-01-18T16:56:26.1365755-08:00" start="2010-01-18T16:56:26.1522005-08:00" finish="2010-01-18T16:56:26.7928255-08:00" />
  <ResultSummary outcome="Completed">
    <Counters total="13" executed="13" passed="13" error="0" failed="0" timeout="0" aborted="0" inconclusive="0" passedButRunAborted="0" notRunnable="0" notExecuted="0" disconnected="0" warning="0" completed="0" inProgress="0" pending="0" />
  </ResultSummary>
  <TestDefinitions>
    <UnitTest name="TestPropertyGetAndSetPrivateString" storage="d:\dd\personal\davidebb\privatereflectionusingdynamic\privatereflectionusingdynamictests\bin\debug\privatereflectionusingdynamictests.dll" id="093088ff-49fe-0eb4-e67d-6dcd5abce771">
      <Execution id="e6e571bd-7b8e-4d13-a77e-73c6687251d6" />
      <TestMethod codeBase="D:/dd/Personal/davidebb/PrivateReflectionUsingDynamic/PrivateReflectionUsingDynamicTests/bin/Debug/PrivateReflectionUsingDynamicTests.DLL" adapterTypeName="Microsoft.VisualStudio.TestTools.TestTypes.Unit.UnitTestAdapter, Microsoft.VisualStudio.QualityTools.Tips.UnitTest.Adapter, Version=10.0.0.0, Culture=neutral, PublicKeyToken=b03f5f7f11d50a3a" className="PrivateReflectionUsingDynamicTests.UnitTest, PrivateReflectionUsingDynamicTests, Version=1.0.0.0, Culture=neutral, PublicKeyToken=null" name="TestPropertyGetAndSetPrivateString" />
    </UnitTest>
    <UnitTest name="TestMiscSystemWebCode" storage="d:\dd\personal\davidebb\privatereflectionusingdynamic\privatereflectionusingdynamictests\bin\debug\privatereflectionusingdynamictests.dll" id="c3d8fd84-eed8-296d-d4b6-9107e7e64576">
      <Execution id="bff64779-3983-4ca7-9260-09b8939ded8d" />
      <TestMethod codeBase="D:/dd/Personal/davidebb/PrivateReflectionUsingDynamic/PrivateReflectionUsingDynamicTests/bin/Debug/PrivateReflectionUsingDynamicTests.DLL" adapterTypeName="Microsoft.VisualStudio.TestTools.TestTypes.Unit.UnitTestAdapter, Microsoft.VisualStudio.QualityTools.Tips.UnitTest.Adapter, Version=10.0.0.0, Culture=neutral, PublicKeyToken=b03f5f7f11d50a3a" className="PrivateReflectionUsingDynamicTests.UnitTest, PrivateReflectionUsingDynamicTests, Version=1.0.0.0, Culture=neutral, PublicKeyToken=null" name="TestMiscSystemWebCode" />
    </UnitTest>
    <UnitTest name="TestPropertyGetAndSetOnSubObject" storage="d:\dd\personal\davidebb\privatereflectionusingdynamic\privatereflectionusingdynamictests\bin\debug\privatereflectionusingdynamictests.dll" id="2e5ea59c-b775-b3b8-74fa-0d7e08c599af">
      <Execution id="d772b58b-e528-400e-ad0d-ca6de68d7a69" />
      <TestMethod codeBase="D:/dd/Personal/davidebb/PrivateReflectionUsingDynamic/PrivateReflectionUsingDynamicTests/bin/Debug/PrivateReflectionUsingDynamicTests.DLL" adapterTypeName="Microsoft.VisualStudio.TestTools.TestTypes.Unit.UnitTestAdapter, Microsoft.VisualStudio.QualityTools.Tips.UnitTest.Adapter, Version=10.0.0.0, Culture=neutral, PublicKeyToken=b03f5f7f11d50a3a" className="PrivateReflectionUsingDynamicTests.UnitTest, PrivateReflectionUsingDynamicTests, Version=1.0.0.0, Culture=neutral, PublicKeyToken=null" name="TestPropertyGetAndSetOnSubObject" />
    </UnitTest>
    <UnitTest name="TestIndexedProperty" storage="d:\dd\personal\davidebb\privatereflectionusingdynamic\privatereflectionusingdynamictests\bin\debug\privatereflectionusingdynamictests.dll" id="83630d20-91b5-7dcf-68d8-4666bff25a0d">
      <Execution id="0a8d263a-c648-48ae-acff-981d387f86f8" />
      <TestMethod codeBase="D:/dd/Personal/davidebb/PrivateReflectionUsingDynamic/PrivateReflectionUsingDynamicTests/bin/Debug/PrivateReflectionUsingDynamicTests.DLL" adapterTypeName="Microsoft.VisualStudio.TestTools.TestTypes.Unit.UnitTestAdapter, Microsoft.VisualStudio.QualityTools.Tips.UnitTest.Adapter, Version=10.0.0.0, Culture=neutral, PublicKeyToken=b03f5f7f11d50a3a" className="PrivateReflectionUsingDynamicTests.UnitTest, PrivateReflectionUsingDynamicTests, Version=1.0.0.0, Culture=neutral, PublicKeyToken=null" name="TestIndexedProperty" />
    </UnitTest>
    <UnitTest name="TestNullSubObject" storage="d:\dd\personal\davidebb\privatereflectionusingdynamic\privatereflectionusingdynamictests\bin\debug\privatereflectionusingdynamictests.dll" id="515e85d0-0ebd-1827-1b15-886fe112e87e">
      <Execution id="74cf0479-ecc3-4828-95c8-c1dcc7765495" />
      <TestMethod codeBase="D:/dd/Personal/davidebb/PrivateReflectionUsingDynamic/PrivateReflectionUsingDynamicTests/bin/Debug/PrivateReflectionUsingDynamicTests.DLL" adapterTypeName="Microsoft.VisualStudio.TestTools.TestTypes.Unit.UnitTestAdapter, Microsoft.VisualStudio.QualityTools.Tips.UnitTest.Adapter, Version=10.0.0.0, Culture=neutral, PublicKeyToken=b03f5f7f11d50a3a" className="PrivateReflectionUsingDynamicTests.UnitTest, PrivateReflectionUsingDynamicTests, Version=1.0.0.0, Culture=neutral, PublicKeyToken=null" name="TestNullSubObject" />
    </UnitTest>
    <UnitTest name="TestOperatorOnStrings" storage="d:\dd\personal\davidebb\privatereflectionusingdynamic\privatereflectionusingdynamictests\bin\debug\privatereflectionusingdynamictests.dll" id="8cc72e28-a1ed-9c16-5b96-95c58e5eb38e">
      <Execution id="2381824f-2040-40cc-84e8-e09ad8e13fa0" />
      <TestMethod codeBase="D:/dd/Personal/davidebb/PrivateReflectionUsingDynamic/PrivateReflectionUsingDynamicTests/bin/Debug/PrivateReflectionUsingDynamicTests.DLL" adapterTypeName="Microsoft.VisualStudio.TestTools.TestTypes.Unit.UnitTestAdapter, Microsoft.VisualStudio.QualityTools.Tips.UnitTest.Adapter, Version=10.0.0.0, Culture=neutral, PublicKeyToken=b03f5f7f11d50a3a" className="PrivateReflectionUsingDynamicTests.UnitTest, PrivateReflectionUsingDynamicTests, Version=1.0.0.0, Culture=neutral, PublicKeyToken=null" name="TestOperatorOnStrings" />
    </UnitTest>
    <UnitTest name="TestOperatorOnIntegers" storage="d:\dd\personal\davidebb\privatereflectionusingdynamic\privatereflectionusingdynamictests\bin\debug\privatereflectionusingdynamictests.dll" id="501e21f3-c0d5-23f0-7c2e-900ecdcbd731">
      <Execution id="9fcbaef8-d44a-4162-9676-a0455d76ec78" />
      <TestMethod codeBase="D:/dd/Personal/davidebb/PrivateReflectionUsingDynamic/PrivateReflectionUsingDynamicTests/bin/Debug/PrivateReflectionUsingDynamicTests.DLL" adapterTypeName="Microsoft.VisualStudio.TestTools.TestTypes.Unit.UnitTestAdapter, Microsoft.VisualStudio.QualityTools.Tips.UnitTest.Adapter, Version=10.0.0.0, Culture=neutral, PublicKeyToken=b03f5f7f11d50a3a" className="PrivateReflectionUsingDynamicTests.UnitTest, PrivateReflectionUsingDynamicTests, Version=1.0.0.0, Culture=neutral, PublicKeyToken=null" name="TestOperatorOnIntegers" />
    </UnitTest>
    <UnitTest name="TestPropertyGetAndSetPublicBool" storage="d:\dd\personal\davidebb\privatereflectionusingdynamic\privatereflectionusingdynamictests\bin\debug\privatereflectionusingdynamictests.dll" id="4b36bde5-1634-b637-1274-9db56abb73ea">
      <Execution id="877df071-62c7-4592-8c0a-a0f2acf2a22a" />
      <TestMethod codeBase="D:/dd/Personal/davidebb/PrivateReflectionUsingDynamic/PrivateReflectionUsingDynamicTests/bin/Debug/PrivateReflectionUsingDynamicTests.DLL" adapterTypeName="Microsoft.VisualStudio.TestTools.TestTypes.Unit.UnitTestAdapter, Microsoft.VisualStudio.QualityTools.Tips.UnitTest.Adapter, Version=10.0.0.0, Culture=neutral, PublicKeyToken=b03f5f7f11d50a3a" className="PrivateReflectionUsingDynamicTests.UnitTest, PrivateReflectionUsingDynamicTests, Version=1.0.0.0, Culture=neutral, PublicKeyToken=null" name="TestPropertyGetAndSetPublicBool" />
    </UnitTest>
    <UnitTest name="TestMissingProperty" storage="d:\dd\personal\davidebb\privatereflectionusingdynamic\privatereflectionusingdynamictests\bin\debug\privatereflectionusingdynamictests.dll" id="c70b085f-3b53-80ae-a27f-3fb5b46cb87f">
      <Execution id="8d1b411d-23c6-45fb-a357-849c3bbef68e" />
      <TestMethod codeBase="D:/dd/Personal/davidebb/PrivateReflectionUsingDynamic/PrivateReflectionUsingDynamicTests/bin/Debug/PrivateReflectionUsingDynamicTests.DLL" adapterTypeName="Microsoft.VisualStudio.TestTools.TestTypes.Unit.UnitTestAdapter, Microsoft.VisualStudio.QualityTools.Tips.UnitTest.Adapter, Version=10.0.0.0, Culture=neutral, PublicKeyToken=b03f5f7f11d50a3a" className="PrivateReflectionUsingDynamicTests.UnitTest, PrivateReflectionUsingDynamicTests, Version=1.0.0.0, Culture=neutral, PublicKeyToken=null" name="TestMissingProperty" />
    </UnitTest>
    <UnitTest name="TestPropertyGetAndSetInternalInteger" storage="d:\dd\personal\davidebb\privatereflectionusingdynamic\privatereflectionusingdynamictests\bin\debug\privatereflectionusingdynamictests.dll" id="f6cfbbed-3fd1-78f2-d5b2-89a3764926a4">
      <Execution id="bd4ab7be-2a35-4a63-8dc5-abb069f38a6c" />
      <TestMethod codeBase="D:/dd/Personal/davidebb/PrivateReflectionUsingDynamic/PrivateReflectionUsingDynamicTests/bin/Debug/PrivateReflectionUsingDynamicTests.DLL" adapterTypeName="Microsoft.VisualStudio.TestTools.TestTypes.Unit.UnitTestAdapter, Microsoft.VisualStudio.QualityTools.Tips.UnitTest.Adapter, Version=10.0.0.0, Culture=neutral, PublicKeyToken=b03f5f7f11d50a3a" className="PrivateReflectionUsingDynamicTests.UnitTest, PrivateReflectionUsingDynamicTests, Version=1.0.0.0, Culture=neutral, PublicKeyToken=null" name="TestPropertyGetAndSetInternalInteger" />
    </UnitTest>
    <UnitTest name="TestMethodCalls" storage="d:\dd\personal\davidebb\privatereflectionusingdynamic\privatereflectionusingdynamictests\bin\debug\privatereflectionusingdynamictests.dll" id="4bdc0b46-27ac-83e5-3d46-17ac595b19b8">
      <Execution id="5d1bbab0-4619-4ab8-bcfa-c9eaeee223c1" />
      <TestMethod codeBase="D:/dd/Personal/davidebb/PrivateReflectionUsingDynamic/PrivateReflectionUsingDynamicTests/bin/Debug/PrivateReflectionUsingDynamicTests.DLL" adapterTypeName="Microsoft.VisualStudio.TestTools.TestTypes.Unit.UnitTestAdapter, Microsoft.VisualStudio.QualityTools.Tips.UnitTest.Adapter, Version=10.0.0.0, Culture=neutral, PublicKeyToken=b03f5f7f11d50a3a" className="PrivateReflectionUsingDynamicTests.UnitTest, PrivateReflectionUsingDynamicTests, Version=1.0.0.0, Culture=neutral, PublicKeyToken=null" name="TestMethodCalls" />
    </UnitTest>
    <UnitTest name="TestPrivateIntegerField" storage="d:\dd\personal\davidebb\privatereflectionusingdynamic\privatereflectionusingdynamictests\bin\debug\privatereflectionusingdynamictests.dll" id="0fa61d3e-5254-5fde-8e98-21822df23ec9">
      <Execution id="497b4caf-6444-4820-8987-c30f59000e18" />
      <TestMethod codeBase="D:/dd/Personal/davidebb/PrivateReflectionUsingDynamic/PrivateReflectionUsingDynamicTests/bin/Debug/PrivateReflectionUsingDynamicTests.DLL" adapterTypeName="Microsoft.VisualStudio.TestTools.TestTypes.Unit.UnitTestAdapter, Microsoft.VisualStudio.QualityTools.Tips.UnitTest.Adapter, Version=10.0.0.0, Culture=neutral, PublicKeyToken=b03f5f7f11d50a3a" className="PrivateReflectionUsingDynamicTests.UnitTest, PrivateReflectionUsingDynamicTests, Version=1.0.0.0, Culture=neutral, PublicKeyToken=null" name="TestPrivateIntegerField" />
    </UnitTest>
    <UnitTest name="TestDictionaryAccess" storage="d:\dd\personal\davidebb\privatereflectionusingdynamic\privatereflectionusingdynamictests\bin\debug\privatereflectionusingdynamictests.dll" id="031f6192-9900-c39b-99cf-002af668f41f">
      <Execution id="98d00015-f5f0-4dcf-b39e-37ccb9e88215" />
      <TestMethod codeBase="D:/dd/Personal/davidebb/PrivateReflectionUsingDynamic/PrivateReflectionUsingDynamicTests/bin/Debug/PrivateReflectionUsingDynamicTests.DLL" adapterTypeName="Microsoft.VisualStudio.TestTools.TestTypes.Unit.UnitTestAdapter, Microsoft.VisualStudio.QualityTools.Tips.UnitTest.Adapter, Version=10.0.0.0, Culture=neutral, PublicKeyToken=b03f5f7f11d50a3a" className="PrivateReflectionUsingDynamicTests.UnitTest, PrivateReflectionUsingDynamicTests, Version=1.0.0.0, Culture=neutral, PublicKeyToken=null" name="TestDictionaryAccess" />
    </UnitTest>
  </TestDefinitions>
  <TestLists>
    <TestList name="Results Not in a List" id="8c84fa94-04c1-424b-9868-57a2d4851a1d" />
    <TestList name="All Loaded Results" id="19431567-8539-422a-85d7-44ee4e166bda" />
  </TestLists>
  <TestEntries>
    <TestEntry testId="f6cfbbed-3fd1-78f2-d5b2-89a3764926a4" executionId="bd4ab7be-2a35-4a63-8dc5-abb069f38a6c" testListId="8c84fa94-04c1-424b-9868-57a2d4851a1d" />
    <TestEntry testId="4b36bde5-1634-b637-1274-9db56abb73ea" executionId="877df071-62c7-4592-8c0a-a0f2acf2a22a" testListId="8c84fa94-04c1-424b-9868-57a2d4851a1d" />
    <TestEntry testId="093088ff-49fe-0eb4-e67d-6dcd5abce771" executionId="e6e571bd-7b8e-4d13-a77e-73c6687251d6" testListId="8c84fa94-04c1-424b-9868-57a2d4851a1d" />
    <TestEntry testId="0fa61d3e-5254-5fde-8e98-21822df23ec9" executionId="497b4caf-6444-4820-8987-c30f59000e18" testListId="8c84fa94-04c1-424b-9868-57a2d4851a1d" />
    <TestEntry testId="501e21f3-c0d5-23f0-7c2e-900ecdcbd731" executionId="9fcbaef8-d44a-4162-9676-a0455d76ec78" testListId="8c84fa94-04c1-424b-9868-57a2d4851a1d" />
    <TestEntry testId="8cc72e28-a1ed-9c16-5b96-95c58e5eb38e" executionId="2381824f-2040-40cc-84e8-e09ad8e13fa0" testListId="8c84fa94-04c1-424b-9868-57a2d4851a1d" />
    <TestEntry testId="c70b085f-3b53-80ae-a27f-3fb5b46cb87f" executionId="8d1b411d-23c6-45fb-a357-849c3bbef68e" testListId="8c84fa94-04c1-424b-9868-57a2d4851a1d" />
    <TestEntry testId="4bdc0b46-27ac-83e5-3d46-17ac595b19b8" executionId="5d1bbab0-4619-4ab8-bcfa-c9eaeee223c1" testListId="8c84fa94-04c1-424b-9868-57a2d4851a1d" />
    <TestEntry testId="2e5ea59c-b775-b3b8-74fa-0d7e08c599af" executionId="d772b58b-e528-400e-ad0d-ca6de68d7a69" testListId="8c84fa94-04c1-424b-9868-57a2d4851a1d" />
    <TestEntry testId="515e85d0-0ebd-1827-1b15-886fe112e87e" executionId="74cf0479-ecc3-4828-95c8-c1dcc7765495" testListId="8c84fa94-04c1-424b-9868-57a2d4851a1d" />
    <TestEntry testId="83630d20-91b5-7dcf-68d8-4666bff25a0d" executionId="0a8d263a-c648-48ae-acff-981d387f86f8" testListId="8c84fa94-04c1-424b-9868-57a2d4851a1d" />
    <TestEntry testId="031f6192-9900-c39b-99cf-002af668f41f" executionId="98d00015-f5f0-4dcf-b39e-37ccb9e88215" testListId="8c84fa94-04c1-424b-9868-57a2d4851a1d" />
    <TestEntry testId="c3d8fd84-eed8-296d-d4b6-9107e7e64576" executionId="bff64779-3983-4ca7-9260-09b8939ded8d" testListId="8c84fa94-04c1-424b-9868-57a2d4851a1d" />
  </TestEntries>
  <Results>
    <UnitTestResult executionId="bd4ab7be-2a35-4a63-8dc5-abb069f38a6c" testId="f6cfbbed-3fd1-78f2-d5b2-89a3764926a4" testName="TestPropertyGetAndSetInternalInteger" computerName="DAVIDEBB-DEV10" duration="00:00:00.0418150" startTime="2010-01-18T16:56:26.1522005-08:00" endTime="2010-01-18T16:56:26.4334505-08:00" testType="13cdc9d9-ddb5-4fa4-a97d-d965ccfc6d4b" outcome="Passed" testListId="8c84fa94-04c1-424b-9868-57a2d4851a1d" relativeResultsDirectory="bd4ab7be-2a35-4a63-8dc5-abb069f38a6c">
    </UnitTestResult>
    <UnitTestResult executionId="877df071-62c7-4592-8c0a-a0f2acf2a22a" testId="4b36bde5-1634-b637-1274-9db56abb73ea" testName="TestPropertyGetAndSetPublicBool" computerName="DAVIDEBB-DEV10" duration="00:00:00.0180263" startTime="2010-01-18T16:56:26.4334505-08:00" endTime="2010-01-18T16:56:26.4647005-08:00" testType="13cdc9d9-ddb5-4fa4-a97d-d965ccfc6d4b" outcome="Passed" testListId="8c84fa94-04c1-424b-9868-57a2d4851a1d" relativeResultsDirectory="877df071-62c7-4592-8c0a-a0f2acf2a22a">
    </UnitTestResult>
    <UnitTestResult executionId="e6e571bd-7b8e-4d13-a77e-73c6687251d6" testId="093088ff-49fe-0eb4-e67d-6dcd5abce771" testName="TestPropertyGetAndSetPrivateString" computerName="DAVIDEBB-DEV10" duration="00:00:00.0072556" startTime="2010-01-18T16:56:26.4803255-08:00" endTime="2010-01-18T16:56:26.4959505-08:00" testType="13cdc9d9-ddb5-4fa4-a97d-d965ccfc6d4b" outcome="Passed" testListId="8c84fa94-04c1-424b-9868-57a2d4851a1d" relativeResultsDirectory="e6e571bd-7b8e-4d13-a77e-73c6687251d6">
    </UnitTestResult>
    <UnitTestResult executionId="497b4caf-6444-4820-8987-c30f59000e18" testId="0fa61d3e-5254-5fde-8e98-21822df23ec9" testName="TestPrivateIntegerField" computerName="DAVIDEBB-DEV10" duration="00:00:00.0107653" startTime="2010-01-18T16:56:26.5115755-08:00" endTime="2010-01-18T16:56:26.5272005-08:00" testType="13cdc9d9-ddb5-4fa4-a97d-d965ccfc6d4b" outcome="Passed" testListId="8c84fa94-04c1-424b-9868-57a2d4851a1d" relativeResultsDirectory="497b4caf-6444-4820-8987-c30f59000e18">
    </UnitTestResult>
    <UnitTestResult executionId="9fcbaef8-d44a-4162-9676-a0455d76ec78" testId="501e21f3-c0d5-23f0-7c2e-900ecdcbd731" testName="TestOperatorOnIntegers" computerName="DAVIDEBB-DEV10" duration="00:00:00.0146557" startTime="2010-01-18T16:56:26.5428255-08:00" endTime="2010-01-18T16:56:26.5584505-08:00" testType="13cdc9d9-ddb5-4fa4-a97d-d965ccfc6d4b" outcome="Passed" testListId="8c84fa94-04c1-424b-9868-57a2d4851a1d" relativeResultsDirectory="9fcbaef8-d44a-4162-9676-a0455d76ec78">
    </UnitTestResult>
    <UnitTestResult executionId="2381824f-2040-40cc-84e8-e09ad8e13fa0" testId="8cc72e28-a1ed-9c16-5b96-95c58e5eb38e" testName="TestOperatorOnStrings" computerName="DAVIDEBB-DEV10" duration="00:00:00.0129421" startTime="2010-01-18T16:56:26.5584505-08:00" endTime="2010-01-18T16:56:26.5897005-08:00" testType="13cdc9d9-ddb5-4fa4-a97d-d965ccfc6d4b" outcome="Passed" testListId="8c84fa94-04c1-424b-9868-57a2d4851a1d" relativeResultsDirectory="2381824f-2040-40cc-84e8-e09ad8e13fa0">
    </UnitTestResult>
    <UnitTestResult executionId="8d1b411d-23c6-45fb-a357-849c3bbef68e" testId="c70b085f-3b53-80ae-a27f-3fb5b46cb87f" testName="TestMissingProperty" computerName="DAVIDEBB-DEV10" duration="00:00:00.0045505" startTime="2010-01-18T16:56:26.5897005-08:00" endTime="2010-01-18T16:56:26.5897005-08:00" testType="13cdc9d9-ddb5-4fa4-a97d-d965ccfc6d4b" outcome="Passed" testListId="8c84fa94-04c1-424b-9868-57a2d4851a1d" relativeResultsDirectory="8d1b411d-23c6-45fb-a357-849c3bbef68e">
    </UnitTestResult>
    <UnitTestResult executionId="5d1bbab0-4619-4ab8-bcfa-c9eaeee223c1" testId="4bdc0b46-27ac-83e5-3d46-17ac595b19b8" testName="TestMethodCalls" computerName="DAVIDEBB-DEV10" duration="00:00:00.0128848" startTime="2010-01-18T16:56:26.6053255-08:00" endTime="2010-01-18T16:56:26.6209505-08:00" testType="13cdc9d9-ddb5-4fa4-a97d-d965ccfc6d4b" outcome="Passed" testListId="8c84fa94-04c1-424b-9868-57a2d4851a1d" relativeResultsDirectory="5d1bbab0-4619-4ab8-bcfa-c9eaeee223c1">
    </UnitTestResult>
    <UnitTestResult executionId="d772b58b-e528-400e-ad0d-ca6de68d7a69" testId="2e5ea59c-b775-b3b8-74fa-0d7e08c599af" testName="TestPropertyGetAndSetOnSubObject" computerName="DAVIDEBB-DEV10" duration="00:00:00.0082868" startTime="2010-01-18T16:56:26.6209505-08:00" endTime="2010-01-18T16:56:26.6365755-08:00" testType="13cdc9d9-ddb5-4fa4-a97d-d965ccfc6d4b" outcome="Passed" testListId="8c84fa94-04c1-424b-9868-57a2d4851a1d" relativeResultsDirectory="d772b58b-e528-400e-ad0d-ca6de68d7a69">
    </UnitTestResult>
    <UnitTestResult executionId="74cf0479-ecc3-4828-95c8-c1dcc7765495" testId="515e85d0-0ebd-1827-1b15-886fe112e87e" testName="TestNullSubObject" computerName="DAVIDEBB-DEV10" duration="00:00:00.0048570" startTime="2010-01-18T16:56:26.6522005-08:00" endTime="2010-01-18T16:56:26.6678255-08:00" testType="13cdc9d9-ddb5-4fa4-a97d-d965ccfc6d4b" outcome="Passed" testListId="8c84fa94-04c1-424b-9868-57a2d4851a1d" relativeResultsDirectory="74cf0479-ecc3-4828-95c8-c1dcc7765495">
    </UnitTestResult>
    <UnitTestResult executionId="0a8d263a-c648-48ae-acff-981d387f86f8" testId="83630d20-91b5-7dcf-68d8-4666bff25a0d" testName="TestIndexedProperty" computerName="DAVIDEBB-DEV10" duration="00:00:00.0159313" startTime="2010-01-18T16:56:26.6678255-08:00" endTime="2010-01-18T16:56:26.6834505-08:00" testType="13cdc9d9-ddb5-4fa4-a97d-d965ccfc6d4b" outcome="Passed" testListId="8c84fa94-04c1-424b-9868-57a2d4851a1d" relativeResultsDirectory="0a8d263a-c648-48ae-acff-981d387f86f8">
    </UnitTestResult>
    <UnitTestResult executionId="98d00015-f5f0-4dcf-b39e-37ccb9e88215" testId="031f6192-9900-c39b-99cf-002af668f41f" testName="TestDictionaryAccess" computerName="DAVIDEBB-DEV10" duration="00:00:00.0144470" startTime="2010-01-18T16:56:26.6834505-08:00" endTime="2010-01-18T16:56:26.7147005-08:00" testType="13cdc9d9-ddb5-4fa4-a97d-d965ccfc6d4b" outcome="Passed" testListId="8c84fa94-04c1-424b-9868-57a2d4851a1d" relativeResultsDirectory="98d00015-f5f0-4dcf-b39e-37ccb9e88215">
    </UnitTestResult>
    <UnitTestResult executionId="bff64779-3983-4ca7-9260-09b8939ded8d" testId="c3d8fd84-eed8-296d-d4b6-9107e7e64576" testName="TestMiscSystemWebCode" computerName="DAVIDEBB-DEV10" duration="00:00:00.0563820" startTime="2010-01-18T16:56:26.7147005-08:00" endTime="2010-01-18T16:56:26.7772005-08:00" testType="13cdc9d9-ddb5-4fa4-a97d-d965ccfc6d4b" outcome="Passed" testListId="8c84fa94-04c1-424b-9868-57a2d4851a1d" relativeResultsDirectory="bff64779-3983-4ca7-9260-09b8939ded8d">
    </UnitTestResult>
  </Results>
</TestRun>