<?xml version="1.0" encoding="UTF-8"?>
<TestRun id="97d66696-08ff-45d0-97df-ea16c0afe6cf" name="davidebb@DAVIDEBB-DEV10 2010-01-18 17:47:38" runUser="REDMOND\davidebb" xmlns="http://microsoft.com/schemas/VisualStudio/TeamTest/2010">
  <TestSettings name="Local" id="b2b2f6e3-bc8e-490c-9424-70eba3716a9e">
    <Description>These are default test settings for a local test run.</Description>
    <Deployment enabled="false" runDeploymentRoot="davidebb_DAVIDEBB-DEV10 2010-01-18 17_47_38" />
    <Execution>
      <TestTypeSpecific />
      <AgentRule name="Execution Agents">
      </AgentRule>
    </Execution>
  </TestSettings>
  <Times creation="2010-01-18T17:47:38.1548867-08:00" queuing="2010-01-18T17:47:38.1548867-08:00" start="2010-01-18T17:47:38.1861369-08:00" finish="2010-01-18T17:47:38.8892664-08:00" />
  <ResultSummary outcome="Failed">
    <Counters total="14" executed="14" passed="13" error="0" failed="1" timeout="0" aborted="0" inconclusive="0" passedButRunAborted="0" notRunnable="0" notExecuted="0" disconnected="0" warning="0" completed="0" inProgress="0" pending="0" />
  </ResultSummary>
  <TestDefinitions>
    <UnitTest name="TestPropertyGetAndSetPrivateString" storage="d:\dd\personal\davidebb\privatereflectionusingdynamic\privatereflectionusingdynamictests\bin\debug\privatereflectionusingdynamictests.dll" id="093088ff-49fe-0eb4-e67d-6dcd5abce771">
      <Execution id="fa17ce6e-d2c2-49e3-85ed-2fb1633750ac" />
      <TestMethod codeBase="D:/dd/Personal/davidebb/PrivateReflectionUsingDynamic/PrivateReflectionUsingDynamicTests/bin/Debug/PrivateReflectionUsingDynamicTests.DLL" adapterTypeName="Microsoft.VisualStudio.TestTools.TestTypes.Unit.UnitTestAdapter, Microsoft.VisualStudio.QualityTools.Tips.UnitTest.Adapter, Version=10.0.0.0, Culture=neutral, PublicKeyToken=b03f5f7f11d50a3a" className="PrivateReflectionUsingDynamicTests.UnitTest, PrivateReflectionUsingDynamicTests, Version=1.0.0.0, Culture=neutral, PublicKeyToken=null" name="TestPropertyGetAndSetPrivateString" />
    </UnitTest>
    <UnitTest name="TestMiscSystemWebCode" storage="d:\dd\personal\davidebb\privatereflectionusingdynamic\privatereflectionusingdynamictests\bin\debug\privatereflectionusingdynamictests.dll" id="c3d8fd84-eed8-296d-d4b6-9107e7e64576">
      <Execution id="bf1df52f-a36a-4c06-8ac7-8184f1dca6e1" />
      <TestMethod codeBase="D:/dd/Personal/davidebb/PrivateReflectionUsingDynamic/PrivateReflectionUsingDynamicTests/bin/Debug/PrivateReflectionUsingDynamicTests.DLL" adapterTypeName="Microsoft.VisualStudio.TestTools.TestTypes.Unit.UnitTestAdapter, Microsoft.VisualStudio.QualityTools.Tips.UnitTest.Adapter, Version=10.0.0.0, Culture=neutral, PublicKeyToken=b03f5f7f11d50a3a" className="PrivateReflectionUsingDynamicTests.UnitTest, PrivateReflectionUsingDynamicTests, Version=1.0.0.0, Culture=neutral, PublicKeyToken=null" name="TestMiscSystemWebCode" />
    </UnitTest>
    <UnitTest name="TestPropertyGetAndSetOnSubObject" storage="d:\dd\personal\davidebb\privatereflectionusingdynamic\privatereflectionusingdynamictests\bin\debug\privatereflectionusingdynamictests.dll" id="2e5ea59c-b775-b3b8-74fa-0d7e08c599af">
      <Execution id="9d732bf0-e8e9-43d9-a675-39a3ba3828d2" />
      <TestMethod codeBase="D:/dd/Personal/davidebb/PrivateReflectionUsingDynamic/PrivateReflectionUsingDynamicTests/bin/Debug/PrivateReflectionUsingDynamicTests.DLL" adapterTypeName="Microsoft.VisualStudio.TestTools.TestTypes.Unit.UnitTestAdapter, Microsoft.VisualStudio.QualityTools.Tips.UnitTest.Adapter, Version=10.0.0.0, Culture=neutral, PublicKeyToken=b03f5f7f11d50a3a" className="PrivateReflectionUsingDynamicTests.UnitTest, PrivateReflectionUsingDynamicTests, Version=1.0.0.0, Culture=neutral, PublicKeyToken=null" name="TestPropertyGetAndSetOnSubObject" />
    </UnitTest>
    <UnitTest name="TestIndexedProperty" storage="d:\dd\personal\davidebb\privatereflectionusingdynamic\privatereflectionusingdynamictests\bin\debug\privatereflectionusingdynamictests.dll" id="83630d20-91b5-7dcf-68d8-4666bff25a0d">
      <Execution id="fe1a41fb-898c-49d5-8516-b34ecd84bcbd" />
      <TestMethod codeBase="D:/dd/Personal/davidebb/PrivateReflectionUsingDynamic/PrivateReflectionUsingDynamicTests/bin/Debug/PrivateReflectionUsingDynamicTests.DLL" adapterTypeName="Microsoft.VisualStudio.TestTools.TestTypes.Unit.UnitTestAdapter, Microsoft.VisualStudio.QualityTools.Tips.UnitTest.Adapter, Version=10.0.0.0, Culture=neutral, PublicKeyToken=b03f5f7f11d50a3a" className="PrivateReflectionUsingDynamicTests.UnitTest, PrivateReflectionUsingDynamicTests, Version=1.0.0.0, Culture=neutral, PublicKeyToken=null" name="TestIndexedProperty" />
    </UnitTest>
    <UnitTest name="TestNullSubObject" storage="d:\dd\personal\davidebb\privatereflectionusingdynamic\privatereflectionusingdynamictests\bin\debug\privatereflectionusingdynamictests.dll" id="515e85d0-0ebd-1827-1b15-886fe112e87e">
      <Execution id="dcb762c7-35e5-4311-94a7-f80526fe9b7f" />
      <TestMethod codeBase="D:/dd/Personal/davidebb/PrivateReflectionUsingDynamic/PrivateReflectionUsingDynamicTests/bin/Debug/PrivateReflectionUsingDynamicTests.DLL" adapterTypeName="Microsoft.VisualStudio.TestTools.TestTypes.Unit.UnitTestAdapter, Microsoft.VisualStudio.QualityTools.Tips.UnitTest.Adapter, Version=10.0.0.0, Culture=neutral, PublicKeyToken=b03f5f7f11d50a3a" className="PrivateReflectionUsingDynamicTests.UnitTest, PrivateReflectionUsingDynamicTests, Version=1.0.0.0, Culture=neutral, PublicKeyToken=null" name="TestNullSubObject" />
    </UnitTest>
    <UnitTest name="TestOperatorOnStrings" storage="d:\dd\personal\davidebb\privatereflectionusingdynamic\privatereflectionusingdynamictests\bin\debug\privatereflectionusingdynamictests.dll" id="8cc72e28-a1ed-9c16-5b96-95c58e5eb38e">
      <Execution id="924a571d-3721-48fb-8cdc-a968ac4cb158" />
      <TestMethod codeBase="D:/dd/Personal/davidebb/PrivateReflectionUsingDynamic/PrivateReflectionUsingDynamicTests/bin/Debug/PrivateReflectionUsingDynamicTests.DLL" adapterTypeName="Microsoft.VisualStudio.TestTools.TestTypes.Unit.UnitTestAdapter, Microsoft.VisualStudio.QualityTools.Tips.UnitTest.Adapter, Version=10.0.0.0, Culture=neutral, PublicKeyToken=b03f5f7f11d50a3a" className="PrivateReflectionUsingDynamicTests.UnitTest, PrivateReflectionUsingDynamicTests, Version=1.0.0.0, Culture=neutral, PublicKeyToken=null" name="TestOperatorOnStrings" />
    </UnitTest>
    <UnitTest name="TestOperatorOnIntegers" storage="d:\dd\personal\davidebb\privatereflectionusingdynamic\privatereflectionusingdynamictests\bin\debug\privatereflectionusingdynamictests.dll" id="501e21f3-c0d5-23f0-7c2e-900ecdcbd731">
      <Execution id="c10216d0-d5cc-4386-8fc7-ad328c81e3a4" />
      <TestMethod codeBase="D:/dd/Personal/davidebb/PrivateReflectionUsingDynamic/PrivateReflectionUsingDynamicTests/bin/Debug/PrivateReflectionUsingDynamicTests.DLL" adapterTypeName="Microsoft.VisualStudio.TestTools.TestTypes.Unit.UnitTestAdapter, Microsoft.VisualStudio.QualityTools.Tips.UnitTest.Adapter, Version=10.0.0.0, Culture=neutral, PublicKeyToken=b03f5f7f11d50a3a" className="PrivateReflectionUsingDynamicTests.UnitTest, PrivateReflectionUsingDynamicTests, Version=1.0.0.0, Culture=neutral, PublicKeyToken=null" name="TestOperatorOnIntegers" />
    </UnitTest>
    <UnitTest name="TestPropertyGetAndSetPublicBool" storage="d:\dd\personal\davidebb\privatereflectionusingdynamic\privatereflectionusingdynamictests\bin\debug\privatereflectionusingdynamictests.dll" id="4b36bde5-1634-b637-1274-9db56abb73ea">
      <Execution id="7e0fb6b9-d8b5-451c-808d-18c0d7dafb3c" />
      <TestMethod codeBase="D:/dd/Personal/davidebb/PrivateReflectionUsingDynamic/PrivateReflectionUsingDynamicTests/bin/Debug/PrivateReflectionUsingDynamicTests.DLL" adapterTypeName="Microsoft.VisualStudio.TestTools.TestTypes.Unit.UnitTestAdapter, Microsoft.VisualStudio.QualityTools.Tips.UnitTest.Adapter, Version=10.0.0.0, Culture=neutral, PublicKeyToken=b03f5f7f11d50a3a" className="PrivateReflectionUsingDynamicTests.UnitTest, PrivateReflectionUsingDynamicTests, Version=1.0.0.0, Culture=neutral, PublicKeyToken=null" name="TestPropertyGetAndSetPublicBool" />
    </UnitTest>
    <UnitTest name="TestMissingProperty" storage="d:\dd\personal\davidebb\privatereflectionusingdynamic\privatereflectionusingdynamictests\bin\debug\privatereflectionusingdynamictests.dll" id="c70b085f-3b53-80ae-a27f-3fb5b46cb87f">
      <Execution id="f7965f5c-fb27-4ce2-a687-f6a51cf4cb23" />
      <TestMethod codeBase="D:/dd/Personal/davidebb/PrivateReflectionUsingDynamic/PrivateReflectionUsingDynamicTests/bin/Debug/PrivateReflectionUsingDynamicTests.DLL" adapterTypeName="Microsoft.VisualStudio.TestTools.TestTypes.Unit.UnitTestAdapter, Microsoft.VisualStudio.QualityTools.Tips.UnitTest.Adapter, Version=10.0.0.0, Culture=neutral, PublicKeyToken=b03f5f7f11d50a3a" className="PrivateReflectionUsingDynamicTests.UnitTest, PrivateReflectionUsingDynamicTests, Version=1.0.0.0, Culture=neutral, PublicKeyToken=null" name="TestMissingProperty" />
    </UnitTest>
    <UnitTest name="TestPropertyGetAndSetInternalInteger" storage="d:\dd\personal\davidebb\privatereflectionusingdynamic\privatereflectionusingdynamictests\bin\debug\privatereflectionusingdynamictests.dll" id="f6cfbbed-3fd1-78f2-d5b2-89a3764926a4">
      <Execution id="c3806ca0-ca34-4ec8-9875-897191c98d6a" />
      <TestMethod codeBase="D:/dd/Personal/davidebb/PrivateReflectionUsingDynamic/PrivateReflectionUsingDynamicTests/bin/Debug/PrivateReflectionUsingDynamicTests.DLL" adapterTypeName="Microsoft.VisualStudio.TestTools.TestTypes.Unit.UnitTestAdapter, Microsoft.VisualStudio.QualityTools.Tips.UnitTest.Adapter, Version=10.0.0.0, Culture=neutral, PublicKeyToken=b03f5f7f11d50a3a" className="PrivateReflectionUsingDynamicTests.UnitTest, PrivateReflectionUsingDynamicTests, Version=1.0.0.0, Culture=neutral, PublicKeyToken=null" name="TestPropertyGetAndSetInternalInteger" />
    </UnitTest>
    <UnitTest name="TestMethodCalls" storage="d:\dd\personal\davidebb\privatereflectionusingdynamic\privatereflectionusingdynamictests\bin\debug\privatereflectionusingdynamictests.dll" id="4bdc0b46-27ac-83e5-3d46-17ac595b19b8">
      <Execution id="4b8fd6e7-6b6c-4376-87ba-d86a43dcc8ed" />
      <TestMethod codeBase="D:/dd/Personal/davidebb/PrivateReflectionUsingDynamic/PrivateReflectionUsingDynamicTests/bin/Debug/PrivateReflectionUsingDynamicTests.DLL" adapterTypeName="Microsoft.VisualStudio.TestTools.TestTypes.Unit.UnitTestAdapter, Microsoft.VisualStudio.QualityTools.Tips.UnitTest.Adapter, Version=10.0.0.0, Culture=neutral, PublicKeyToken=b03f5f7f11d50a3a" className="PrivateReflectionUsingDynamicTests.UnitTest, PrivateReflectionUsingDynamicTests, Version=1.0.0.0, Culture=neutral, PublicKeyToken=null" name="TestMethodCalls" />
    </UnitTest>
    <UnitTest name="TestPrivateIntegerField" storage="d:\dd\personal\davidebb\privatereflectionusingdynamic\privatereflectionusingdynamictests\bin\debug\privatereflectionusingdynamictests.dll" id="0fa61d3e-5254-5fde-8e98-21822df23ec9">
      <Execution id="e778fb7f-de8d-4474-8c01-3432cd13edd8" />
      <TestMethod codeBase="D:/dd/Personal/davidebb/PrivateReflectionUsingDynamic/PrivateReflectionUsingDynamicTests/bin/Debug/PrivateReflectionUsingDynamicTests.DLL" adapterTypeName="Microsoft.VisualStudio.TestTools.TestTypes.Unit.UnitTestAdapter, Microsoft.VisualStudio.QualityTools.Tips.UnitTest.Adapter, Version=10.0.0.0, Culture=neutral, PublicKeyToken=b03f5f7f11d50a3a" className="PrivateReflectionUsingDynamicTests.UnitTest, PrivateReflectionUsingDynamicTests, Version=1.0.0.0, Culture=neutral, PublicKeyToken=null" name="TestPrivateIntegerField" />
    </UnitTest>
    <UnitTest name="TestBlog" storage="d:\dd\personal\davidebb\privatereflectionusingdynamic\privatereflectionusingdynamictests\bin\debug\privatereflectionusingdynamictests.dll" id="ff69ceda-5a5a-6504-1f33-a4b4eb4be488">
      <Execution id="5f8ceac7-2788-4a55-be04-3aa28e72bf23" />
      <TestMethod codeBase="D:/dd/Personal/davidebb/PrivateReflectionUsingDynamic/PrivateReflectionUsingDynamicTests/bin/Debug/PrivateReflectionUsingDynamicTests.DLL" adapterTypeName="Microsoft.VisualStudio.TestTools.TestTypes.Unit.UnitTestAdapter, Microsoft.VisualStudio.QualityTools.Tips.UnitTest.Adapter, Version=10.0.0.0, Culture=neutral, PublicKeyToken=b03f5f7f11d50a3a" className="PrivateReflectionUsingDynamicTests.UnitTest, PrivateReflectionUsingDynamicTests, Version=1.0.0.0, Culture=neutral, PublicKeyToken=null" name="TestBlog" />
    </UnitTest>
    <UnitTest name="TestDictionaryAccess" storage="d:\dd\personal\davidebb\privatereflectionusingdynamic\privatereflectionusingdynamictests\bin\debug\privatereflectionusingdynamictests.dll" id="031f6192-9900-c39b-99cf-002af668f41f">
      <Execution id="0cf4f3b9-6a6f-48f1-b08f-a7485c6f9591" />
      <TestMethod codeBase="D:/dd/Personal/davidebb/PrivateReflectionUsingDynamic/PrivateReflectionUsingDynamicTests/bin/Debug/PrivateReflectionUsingDynamicTests.DLL" adapterTypeName="Microsoft.VisualStudio.TestTools.TestTypes.Unit.UnitTestAdapter, Microsoft.VisualStudio.QualityTools.Tips.UnitTest.Adapter, Version=10.0.0.0, Culture=neutral, PublicKeyToken=b03f5f7f11d50a3a" className="PrivateReflectionUsingDynamicTests.UnitTest, PrivateReflectionUsingDynamicTests, Version=1.0.0.0, Culture=neutral, PublicKeyToken=null" name="TestDictionaryAccess" />
    </UnitTest>
  </TestDefinitions>
  <TestLists>
    <TestList name="Results Not in a List" id="8c84fa94-04c1-424b-9868-57a2d4851a1d" />
    <TestList name="All Loaded Results" id="19431567-8539-422a-85d7-44ee4e166bda" />
  </TestLists>
  <TestEntries>
    <TestEntry testId="f6cfbbed-3fd1-78f2-d5b2-89a3764926a4" executionId="c3806ca0-ca34-4ec8-9875-897191c98d6a" testListId="8c84fa94-04c1-424b-9868-57a2d4851a1d" />
    <TestEntry testId="4b36bde5-1634-b637-1274-9db56abb73ea" executionId="7e0fb6b9-d8b5-451c-808d-18c0d7dafb3c" testListId="8c84fa94-04c1-424b-9868-57a2d4851a1d" />
    <TestEntry testId="093088ff-49fe-0eb4-e67d-6dcd5abce771" executionId="fa17ce6e-d2c2-49e3-85ed-2fb1633750ac" testListId="8c84fa94-04c1-424b-9868-57a2d4851a1d" />
    <TestEntry testId="0fa61d3e-5254-5fde-8e98-21822df23ec9" executionId="e778fb7f-de8d-4474-8c01-3432cd13edd8" testListId="8c84fa94-04c1-424b-9868-57a2d4851a1d" />
    <TestEntry testId="501e21f3-c0d5-23f0-7c2e-900ecdcbd731" executionId="c10216d0-d5cc-4386-8fc7-ad328c81e3a4" testListId="8c84fa94-04c1-424b-9868-57a2d4851a1d" />
    <TestEntry testId="8cc72e28-a1ed-9c16-5b96-95c58e5eb38e" executionId="924a571d-3721-48fb-8cdc-a968ac4cb158" testListId="8c84fa94-04c1-424b-9868-57a2d4851a1d" />
    <TestEntry testId="c70b085f-3b53-80ae-a27f-3fb5b46cb87f" executionId="f7965f5c-fb27-4ce2-a687-f6a51cf4cb23" testListId="8c84fa94-04c1-424b-9868-57a2d4851a1d" />
    <TestEntry testId="4bdc0b46-27ac-83e5-3d46-17ac595b19b8" executionId="4b8fd6e7-6b6c-4376-87ba-d86a43dcc8ed" testListId="8c84fa94-04c1-424b-9868-57a2d4851a1d" />
    <TestEntry testId="2e5ea59c-b775-b3b8-74fa-0d7e08c599af" executionId="9d732bf0-e8e9-43d9-a675-39a3ba3828d2" testListId="8c84fa94-04c1-424b-9868-57a2d4851a1d" />
    <TestEntry testId="515e85d0-0ebd-1827-1b15-886fe112e87e" executionId="dcb762c7-35e5-4311-94a7-f80526fe9b7f" testListId="8c84fa94-04c1-424b-9868-57a2d4851a1d" />
    <TestEntry testId="83630d20-91b5-7dcf-68d8-4666bff25a0d" executionId="fe1a41fb-898c-49d5-8516-b34ecd84bcbd" testListId="8c84fa94-04c1-424b-9868-57a2d4851a1d" />
    <TestEntry testId="031f6192-9900-c39b-99cf-002af668f41f" executionId="0cf4f3b9-6a6f-48f1-b08f-a7485c6f9591" testListId="8c84fa94-04c1-424b-9868-57a2d4851a1d" />
    <TestEntry testId="c3d8fd84-eed8-296d-d4b6-9107e7e64576" executionId="bf1df52f-a36a-4c06-8ac7-8184f1dca6e1" testListId="8c84fa94-04c1-424b-9868-57a2d4851a1d" />
    <TestEntry testId="ff69ceda-5a5a-6504-1f33-a4b4eb4be488" executionId="5f8ceac7-2788-4a55-be04-3aa28e72bf23" testListId="8c84fa94-04c1-424b-9868-57a2d4851a1d" />
  </TestEntries>
  <Results>
    <UnitTestResult executionId="c3806ca0-ca34-4ec8-9875-897191c98d6a" testId="f6cfbbed-3fd1-78f2-d5b2-89a3764926a4" testName="TestPropertyGetAndSetInternalInteger" computerName="DAVIDEBB-DEV10" duration="00:00:00.0491551" startTime="2010-01-18T17:47:38.2330122-08:00" endTime="2010-01-18T17:47:38.4986389-08:00" testType="13cdc9d9-ddb5-4fa4-a97d-d965ccfc6d4b" outcome="Passed" testListId="8c84fa94-04c1-424b-9868-57a2d4851a1d" relativeResultsDirectory="c3806ca0-ca34-4ec8-9875-897191c98d6a">
    </UnitTestResult>
    <UnitTestResult executionId="7e0fb6b9-d8b5-451c-808d-18c0d7dafb3c" testId="4b36bde5-1634-b637-1274-9db56abb73ea" testName="TestPropertyGetAndSetPublicBool" computerName="DAVIDEBB-DEV10" duration="00:00:00.0153368" startTime="2010-01-18T17:47:38.5142640-08:00" endTime="2010-01-18T17:47:38.5455142-08:00" testType="13cdc9d9-ddb5-4fa4-a97d-d965ccfc6d4b" outcome="Passed" testListId="8c84fa94-04c1-424b-9868-57a2d4851a1d" relativeResultsDirectory="7e0fb6b9-d8b5-451c-808d-18c0d7dafb3c">
    </UnitTestResult>
    <UnitTestResult executionId="fa17ce6e-d2c2-49e3-85ed-2fb1633750ac" testId="093088ff-49fe-0eb4-e67d-6dcd5abce771" testName="TestPropertyGetAndSetPrivateString" computerName="DAVIDEBB-DEV10" duration="00:00:00.0065078" startTime="2010-01-18T17:47:38.5455142-08:00" endTime="2010-01-18T17:47:38.5611393-08:00" testType="13cdc9d9-ddb5-4fa4-a97d-d965ccfc6d4b" outcome="Passed" testListId="8c84fa94-04c1-424b-9868-57a2d4851a1d" relativeResultsDirectory="fa17ce6e-d2c2-49e3-85ed-2fb1633750ac">
    </UnitTestResult>
    <UnitTestResult executionId="e778fb7f-de8d-4474-8c01-3432cd13edd8" testId="0fa61d3e-5254-5fde-8e98-21822df23ec9" testName="TestPrivateIntegerField" computerName="DAVIDEBB-DEV10" duration="00:00:00.0293682" startTime="2010-01-18T17:47:38.5767644-08:00" endTime="2010-01-18T17:47:38.6080146-08:00" testType="13cdc9d9-ddb5-4fa4-a97d-d965ccfc6d4b" outcome="Passed" testListId="8c84fa94-04c1-424b-9868-57a2d4851a1d" relativeResultsDirectory="e778fb7f-de8d-4474-8c01-3432cd13edd8">
    </UnitTestResult>
    <UnitTestResult executionId="c10216d0-d5cc-4386-8fc7-ad328c81e3a4" testId="501e21f3-c0d5-23f0-7c2e-900ecdcbd731" testName="TestOperatorOnIntegers" computerName="DAVIDEBB-DEV10" duration="00:00:00.0072313" startTime="2010-01-18T17:47:38.6080146-08:00" endTime="2010-01-18T17:47:38.6392648-08:00" testType="13cdc9d9-ddb5-4fa4-a97d-d965ccfc6d4b" outcome="Passed" testListId="8c84fa94-04c1-424b-9868-57a2d4851a1d" relativeResultsDirectory="c10216d0-d5cc-4386-8fc7-ad328c81e3a4">
    </UnitTestResult>
    <UnitTestResult executionId="924a571d-3721-48fb-8cdc-a968ac4cb158" testId="8cc72e28-a1ed-9c16-5b96-95c58e5eb38e" testName="TestOperatorOnStrings" computerName="DAVIDEBB-DEV10" duration="00:00:00.0119450" startTime="2010-01-18T17:47:38.6392648-08:00" endTime="2010-01-18T17:47:38.6548899-08:00" testType="13cdc9d9-ddb5-4fa4-a97d-d965ccfc6d4b" outcome="Passed" testListId="8c84fa94-04c1-424b-9868-57a2d4851a1d" relativeResultsDirectory="924a571d-3721-48fb-8cdc-a968ac4cb158">
    </UnitTestResult>
    <UnitTestResult executionId="f7965f5c-fb27-4ce2-a687-f6a51cf4cb23" testId="c70b085f-3b53-80ae-a27f-3fb5b46cb87f" testName="TestMissingProperty" computerName="DAVIDEBB-DEV10" duration="00:00:00.0051121" startTime="2010-01-18T17:47:38.6548899-08:00" endTime="2010-01-18T17:47:38.6705150-08:00" testType="13cdc9d9-ddb5-4fa4-a97d-d965ccfc6d4b" outcome="Passed" testListId="8c84fa94-04c1-424b-9868-57a2d4851a1d" relativeResultsDirectory="f7965f5c-fb27-4ce2-a687-f6a51cf4cb23">
    </UnitTestResult>
    <UnitTestResult executionId="4b8fd6e7-6b6c-4376-87ba-d86a43dcc8ed" testId="4bdc0b46-27ac-83e5-3d46-17ac595b19b8" testName="TestMethodCalls" computerName="DAVIDEBB-DEV10" duration="00:00:00.0134656" startTime="2010-01-18T17:47:38.6705150-08:00" endTime="2010-01-18T17:47:38.6861401-08:00" testType="13cdc9d9-ddb5-4fa4-a97d-d965ccfc6d4b" outcome="Passed" testListId="8c84fa94-04c1-424b-9868-57a2d4851a1d" relativeResultsDirectory="4b8fd6e7-6b6c-4376-87ba-d86a43dcc8ed">
    </UnitTestResult>
    <UnitTestResult executionId="9d732bf0-e8e9-43d9-a675-39a3ba3828d2" testId="2e5ea59c-b775-b3b8-74fa-0d7e08c599af" testName="TestPropertyGetAndSetOnSubObject" computerName="DAVIDEBB-DEV10" duration="00:00:00.0072349" startTime="2010-01-18T17:47:38.6861401-08:00" endTime="2010-01-18T17:47:38.7017652-08:00" testType="13cdc9d9-ddb5-4fa4-a97d-d965ccfc6d4b" outcome="Passed" testListId="8c84fa94-04c1-424b-9868-57a2d4851a1d" relativeResultsDirectory="9d732bf0-e8e9-43d9-a675-39a3ba3828d2">
    </UnitTestResult>
    <UnitTestResult executionId="dcb762c7-35e5-4311-94a7-f80526fe9b7f" testId="515e85d0-0ebd-1827-1b15-886fe112e87e" testName="TestNullSubObject" computerName="DAVIDEBB-DEV10" duration="00:00:00.0032062" startTime="2010-01-18T17:47:38.7017652-08:00" endTime="2010-01-18T17:47:38.7330154-08:00" testType="13cdc9d9-ddb5-4fa4-a97d-d965ccfc6d4b" outcome="Passed" testListId="8c84fa94-04c1-424b-9868-57a2d4851a1d" relativeResultsDirectory="dcb762c7-35e5-4311-94a7-f80526fe9b7f">
    </UnitTestResult>
    <UnitTestResult executionId="fe1a41fb-898c-49d5-8516-b34ecd84bcbd" testId="83630d20-91b5-7dcf-68d8-4666bff25a0d" testName="TestIndexedProperty" computerName="DAVIDEBB-DEV10" duration="00:00:00.0150072" startTime="2010-01-18T17:47:38.7330154-08:00" endTime="2010-01-18T17:47:38.7486405-08:00" testType="13cdc9d9-ddb5-4fa4-a97d-d965ccfc6d4b" outcome="Passed" testListId="8c84fa94-04c1-424b-9868-57a2d4851a1d" relativeResultsDirectory="fe1a41fb-898c-49d5-8516-b34ecd84bcbd">
    </UnitTestResult>
    <UnitTestResult executionId="0cf4f3b9-6a6f-48f1-b08f-a7485c6f9591" testId="031f6192-9900-c39b-99cf-002af668f41f" testName="TestDictionaryAccess" computerName="DAVIDEBB-DEV10" duration="00:00:00.0153368" startTime="2010-01-18T17:47:38.7486405-08:00" endTime="2010-01-18T17:47:38.7798907-08:00" testType="13cdc9d9-ddb5-4fa4-a97d-d965ccfc6d4b" outcome="Passed" testListId="8c84fa94-04c1-424b-9868-57a2d4851a1d" relativeResultsDirectory="0cf4f3b9-6a6f-48f1-b08f-a7485c6f9591">
    </UnitTestResult>
    <UnitTestResult executionId="bf1df52f-a36a-4c06-8ac7-8184f1dca6e1" testId="c3d8fd84-eed8-296d-d4b6-9107e7e64576" testName="TestMiscSystemWebCode" computerName="DAVIDEBB-DEV10" duration="00:00:00.0549958" startTime="2010-01-18T17:47:38.7798907-08:00" endTime="2010-01-18T17:47:38.8423911-08:00" testType="13cdc9d9-ddb5-4fa4-a97d-d965ccfc6d4b" outcome="Passed" testListId="8c84fa94-04c1-424b-9868-57a2d4851a1d" relativeResultsDirectory="bf1df52f-a36a-4c06-8ac7-8184f1dca6e1">
    </UnitTestResult>
    <UnitTestResult executionId="5f8ceac7-2788-4a55-be04-3aa28e72bf23" testId="ff69ceda-5a5a-6504-1f33-a4b4eb4be488" testName="TestBlog" computerName="DAVIDEBB-DEV10" duration="00:00:00.0140646" startTime="2010-01-18T17:47:38.8423911-08:00" endTime="2010-01-18T17:47:38.8580162-08:00" testType="13cdc9d9-ddb5-4fa4-a97d-d965ccfc6d4b" outcome="Failed" testListId="8c84fa94-04c1-424b-9868-57a2d4851a1d" relativeResultsDirectory="5f8ceac7-2788-4a55-be04-3aa28e72bf23">
      <Output>
        <ErrorInfo>
          <Message>Assert.AreEqual failed. Expected:&lt;Hello2&gt;. Actual:&lt;Hello&gt;. </Message>
          <StackTrace>   at PrivateReflectionUsingDynamicTests.UnitTest.TestBlog() in D:\dd\Personal\davidebb\PrivateReflectionUsingDynamic\PrivateReflectionUsingDynamicTests\UnitTest.cs:line 143
</StackTrace>
        </ErrorInfo>
      </Output>
    </UnitTestResult>
  </Results>
</TestRun>