<?xml version="1.0" encoding="UTF-8"?>
<TestRun id="c12e7346-0dfa-4c07-aa45-041f2a8aeca6" name="davidebb@DAVIDEBB-DEV10 2010-01-18 17:56:53" runUser="REDMOND\davidebb" xmlns="http://microsoft.com/schemas/VisualStudio/TeamTest/2010">
  <TestSettings name="Local" id="b2b2f6e3-bc8e-490c-9424-70eba3716a9e">
    <Description>These are default test settings for a local test run.</Description>
    <Deployment enabled="false" runDeploymentRoot="davidebb_DAVIDEBB-DEV10 2010-01-18 17_56_53" />
    <Execution>
      <TestTypeSpecific />
      <AgentRule name="Execution Agents">
      </AgentRule>
    </Execution>
  </TestSettings>
  <Times creation="2010-01-18T17:56:53.7887486-08:00" queuing="2010-01-18T17:56:53.8043734-08:00" start="2010-01-18T17:56:53.8199982-08:00" finish="2010-01-18T17:56:54.4918646-08:00" />
  <ResultSummary outcome="Failed">
    <Counters total="14" executed="14" passed="13" error="0" failed="1" timeout="0" aborted="0" inconclusive="0" passedButRunAborted="0" notRunnable="0" notExecuted="0" disconnected="0" warning="0" completed="0" inProgress="0" pending="0" />
  </ResultSummary>
  <TestDefinitions>
    <UnitTest name="TestPropertyGetAndSetPrivateString" storage="d:\dd\personal\davidebb\privatereflectionusingdynamic\privatereflectionusingdynamictests\bin\debug\privatereflectionusingdynamictests.dll" id="093088ff-49fe-0eb4-e67d-6dcd5abce771">
      <Execution id="cc774394-2b5f-4016-b0d6-a62a2b6c6253" />
      <TestMethod codeBase="D:/dd/Personal/davidebb/PrivateReflectionUsingDynamic/PrivateReflectionUsingDynamicTests/bin/Debug/PrivateReflectionUsingDynamicTests.DLL" adapterTypeName="Microsoft.VisualStudio.TestTools.TestTypes.Unit.UnitTestAdapter, Microsoft.VisualStudio.QualityTools.Tips.UnitTest.Adapter, Version=10.0.0.0, Culture=neutral, PublicKeyToken=b03f5f7f11d50a3a" className="PrivateReflectionUsingDynamicTests.UnitTest, PrivateReflectionUsingDynamicTests, Version=1.0.0.0, Culture=neutral, PublicKeyToken=null" name="TestPropertyGetAndSetPrivateString" />
    </UnitTest>
    <UnitTest name="TestMiscSystemWebCode" storage="d:\dd\personal\davidebb\privatereflectionusingdynamic\privatereflectionusingdynamictests\bin\debug\privatereflectionusingdynamictests.dll" id="c3d8fd84-eed8-296d-d4b6-9107e7e64576">
      <Execution id="07a1d578-b2b0-46ef-a8f4-a48075ef7610" />
      <TestMethod codeBase="D:/dd/Personal/davidebb/PrivateReflectionUsingDynamic/PrivateReflectionUsingDynamicTests/bin/Debug/PrivateReflectionUsingDynamicTests.DLL" adapterTypeName="Microsoft.VisualStudio.TestTools.TestTypes.Unit.UnitTestAdapter, Microsoft.VisualStudio.QualityTools.Tips.UnitTest.Adapter, Version=10.0.0.0, Culture=neutral, PublicKeyToken=b03f5f7f11d50a3a" className="PrivateReflectionUsingDynamicTests.UnitTest, PrivateReflectionUsingDynamicTests, Version=1.0.0.0, Culture=neutral, PublicKeyToken=null" name="TestMiscSystemWebCode" />
    </UnitTest>
    <UnitTest name="TestPropertyGetAndSetOnSubObject" storage="d:\dd\personal\davidebb\privatereflectionusingdynamic\privatereflectionusingdynamictests\bin\debug\privatereflectionusingdynamictests.dll" id="2e5ea59c-b775-b3b8-74fa-0d7e08c599af">
      <Execution id="5b1faa71-2a44-4338-8a39-77ff159c30a3" />
      <TestMethod codeBase="D:/dd/Personal/davidebb/PrivateReflectionUsingDynamic/PrivateReflectionUsingDynamicTests/bin/Debug/PrivateReflectionUsingDynamicTests.DLL" adapterTypeName="Microsoft.VisualStudio.TestTools.TestTypes.Unit.UnitTestAdapter, Microsoft.VisualStudio.QualityTools.Tips.UnitTest.Adapter, Version=10.0.0.0, Culture=neutral, PublicKeyToken=b03f5f7f11d50a3a" className="PrivateReflectionUsingDynamicTests.UnitTest, PrivateReflectionUsingDynamicTests, Version=1.0.0.0, Culture=neutral, PublicKeyToken=null" name="TestPropertyGetAndSetOnSubObject" />
    </UnitTest>
    <UnitTest name="TestIndexedProperty" storage="d:\dd\personal\davidebb\privatereflectionusingdynamic\privatereflectionusingdynamictests\bin\debug\privatereflectionusingdynamictests.dll" id="83630d20-91b5-7dcf-68d8-4666bff25a0d">
      <Execution id="263dc29f-f253-4d03-a60f-fd280495c6a1" />
      <TestMethod codeBase="D:/dd/Personal/davidebb/PrivateReflectionUsingDynamic/PrivateReflectionUsingDynamicTests/bin/Debug/PrivateReflectionUsingDynamicTests.DLL" adapterTypeName="Microsoft.VisualStudio.TestTools.TestTypes.Unit.UnitTestAdapter, Microsoft.VisualStudio.QualityTools.Tips.UnitTest.Adapter, Version=10.0.0.0, Culture=neutral, PublicKeyToken=b03f5f7f11d50a3a" className="PrivateReflectionUsingDynamicTests.UnitTest, PrivateReflectionUsingDynamicTests, Version=1.0.0.0, Culture=neutral, PublicKeyToken=null" name="TestIndexedProperty" />
    </UnitTest>
    <UnitTest name="TestNullSubObject" storage="d:\dd\personal\davidebb\privatereflectionusingdynamic\privatereflectionusingdynamictests\bin\debug\privatereflectionusingdynamictests.dll" id="515e85d0-0ebd-1827-1b15-886fe112e87e">
      <Execution id="a03cfd12-8a84-4269-9236-900f33aa2fc9" />
      <TestMethod codeBase="D:/dd/Personal/davidebb/PrivateReflectionUsingDynamic/PrivateReflectionUsingDynamicTests/bin/Debug/PrivateReflectionUsingDynamicTests.DLL" adapterTypeName="Microsoft.VisualStudio.TestTools.TestTypes.Unit.UnitTestAdapter, Microsoft.VisualStudio.QualityTools.Tips.UnitTest.Adapter, Version=10.0.0.0, Culture=neutral, PublicKeyToken=b03f5f7f11d50a3a" className="PrivateReflectionUsingDynamicTests.UnitTest, PrivateReflectionUsingDynamicTests, Version=1.0.0.0, Culture=neutral, PublicKeyToken=null" name="TestNullSubObject" />
    </UnitTest>
    <UnitTest name="TestOperatorOnStrings" storage="d:\dd\personal\davidebb\privatereflectionusingdynamic\privatereflectionusingdynamictests\bin\debug\privatereflectionusingdynamictests.dll" id="8cc72e28-a1ed-9c16-5b96-95c58e5eb38e">
      <Execution id="66f92e48-dfcb-4a8c-a977-e4875af5ce0f" />
      <TestMethod codeBase="D:/dd/Personal/davidebb/PrivateReflectionUsingDynamic/PrivateReflectionUsingDynamicTests/bin/Debug/PrivateReflectionUsingDynamicTests.DLL" adapterTypeName="Microsoft.VisualStudio.TestTools.TestTypes.Unit.UnitTestAdapter, Microsoft.VisualStudio.QualityTools.Tips.UnitTest.Adapter, Version=10.0.0.0, Culture=neutral, PublicKeyToken=b03f5f7f11d50a3a" className="PrivateReflectionUsingDynamicTests.UnitTest, PrivateReflectionUsingDynamicTests, Version=1.0.0.0, Culture=neutral, PublicKeyToken=null" name="TestOperatorOnStrings" />
    </UnitTest>
    <UnitTest name="TestOperatorOnIntegers" storage="d:\dd\personal\davidebb\privatereflectionusingdynamic\privatereflectionusingdynamictests\bin\debug\privatereflectionusingdynamictests.dll" id="501e21f3-c0d5-23f0-7c2e-900ecdcbd731">
      <Execution id="59de2fcb-4da2-4934-b18b-e96d824f78ee" />
      <TestMethod codeBase="D:/dd/Personal/davidebb/PrivateReflectionUsingDynamic/PrivateReflectionUsingDynamicTests/bin/Debug/PrivateReflectionUsingDynamicTests.DLL" adapterTypeName="Microsoft.VisualStudio.TestTools.TestTypes.Unit.UnitTestAdapter, Microsoft.VisualStudio.QualityTools.Tips.UnitTest.Adapter, Version=10.0.0.0, Culture=neutral, PublicKeyToken=b03f5f7f11d50a3a" className="PrivateReflectionUsingDynamicTests.UnitTest, PrivateReflectionUsingDynamicTests, Version=1.0.0.0, Culture=neutral, PublicKeyToken=null" name="TestOperatorOnIntegers" />
    </UnitTest>
    <UnitTest name="TestPropertyGetAndSetPublicBool" storage="d:\dd\personal\davidebb\privatereflectionusingdynamic\privatereflectionusingdynamictests\bin\debug\privatereflectionusingdynamictests.dll" id="4b36bde5-1634-b637-1274-9db56abb73ea">
      <Execution id="117d94d6-c5f2-4009-a203-29b18735af95" />
      <TestMethod codeBase="D:/dd/Personal/davidebb/PrivateReflectionUsingDynamic/PrivateReflectionUsingDynamicTests/bin/Debug/PrivateReflectionUsingDynamicTests.DLL" adapterTypeName="Microsoft.VisualStudio.TestTools.TestTypes.Unit.UnitTestAdapter, Microsoft.VisualStudio.QualityTools.Tips.UnitTest.Adapter, Version=10.0.0.0, Culture=neutral, PublicKeyToken=b03f5f7f11d50a3a" className="PrivateReflectionUsingDynamicTests.UnitTest, PrivateReflectionUsingDynamicTests, Version=1.0.0.0, Culture=neutral, PublicKeyToken=null" name="TestPropertyGetAndSetPublicBool" />
    </UnitTest>
    <UnitTest name="TestMissingProperty" storage="d:\dd\personal\davidebb\privatereflectionusingdynamic\privatereflectionusingdynamictests\bin\debug\privatereflectionusingdynamictests.dll" id="c70b085f-3b53-80ae-a27f-3fb5b46cb87f">
      <Execution id="5951a69a-c4bd-4aa1-bc2a-2b5960ddd86d" />
      <TestMethod codeBase="D:/dd/Personal/davidebb/PrivateReflectionUsingDynamic/PrivateReflectionUsingDynamicTests/bin/Debug/PrivateReflectionUsingDynamicTests.DLL" adapterTypeName="Microsoft.VisualStudio.TestTools.TestTypes.Unit.UnitTestAdapter, Microsoft.VisualStudio.QualityTools.Tips.UnitTest.Adapter, Version=10.0.0.0, Culture=neutral, PublicKeyToken=b03f5f7f11d50a3a" className="PrivateReflectionUsingDynamicTests.UnitTest, PrivateReflectionUsingDynamicTests, Version=1.0.0.0, Culture=neutral, PublicKeyToken=null" name="TestMissingProperty" />
    </UnitTest>
    <UnitTest name="TestPropertyGetAndSetInternalInteger" storage="d:\dd\personal\davidebb\privatereflectionusingdynamic\privatereflectionusingdynamictests\bin\debug\privatereflectionusingdynamictests.dll" id="f6cfbbed-3fd1-78f2-d5b2-89a3764926a4">
      <Execution id="f285eae1-25b2-40b0-830b-86009599e3f7" />
      <TestMethod codeBase="D:/dd/Personal/davidebb/PrivateReflectionUsingDynamic/PrivateReflectionUsingDynamicTests/bin/Debug/PrivateReflectionUsingDynamicTests.DLL" adapterTypeName="Microsoft.VisualStudio.TestTools.TestTypes.Unit.UnitTestAdapter, Microsoft.VisualStudio.QualityTools.Tips.UnitTest.Adapter, Version=10.0.0.0, Culture=neutral, PublicKeyToken=b03f5f7f11d50a3a" className="PrivateReflectionUsingDynamicTests.UnitTest, PrivateReflectionUsingDynamicTests, Version=1.0.0.0, Culture=neutral, PublicKeyToken=null" name="TestPropertyGetAndSetInternalInteger" />
    </UnitTest>
    <UnitTest name="TestMethodCalls" storage="d:\dd\personal\davidebb\privatereflectionusingdynamic\privatereflectionusingdynamictests\bin\debug\privatereflectionusingdynamictests.dll" id="4bdc0b46-27ac-83e5-3d46-17ac595b19b8">
      <Execution id="bde64085-42f2-4475-9018-23991663bbf9" />
      <TestMethod codeBase="D:/dd/Personal/davidebb/PrivateReflectionUsingDynamic/PrivateReflectionUsingDynamicTests/bin/Debug/PrivateReflectionUsingDynamicTests.DLL" adapterTypeName="Microsoft.VisualStudio.TestTools.TestTypes.Unit.UnitTestAdapter, Microsoft.VisualStudio.QualityTools.Tips.UnitTest.Adapter, Version=10.0.0.0, Culture=neutral, PublicKeyToken=b03f5f7f11d50a3a" className="PrivateReflectionUsingDynamicTests.UnitTest, PrivateReflectionUsingDynamicTests, Version=1.0.0.0, Culture=neutral, PublicKeyToken=null" name="TestMethodCalls" />
    </UnitTest>
    <UnitTest name="TestPrivateIntegerField" storage="d:\dd\personal\davidebb\privatereflectionusingdynamic\privatereflectionusingdynamictests\bin\debug\privatereflectionusingdynamictests.dll" id="0fa61d3e-5254-5fde-8e98-21822df23ec9">
      <Execution id="4e511cd7-d0f7-4d9c-bed2-a63114147ee4" />
      <TestMethod codeBase="D:/dd/Personal/davidebb/PrivateReflectionUsingDynamic/PrivateReflectionUsingDynamicTests/bin/Debug/PrivateReflectionUsingDynamicTests.DLL" adapterTypeName="Microsoft.VisualStudio.TestTools.TestTypes.Unit.UnitTestAdapter, Microsoft.VisualStudio.QualityTools.Tips.UnitTest.Adapter, Version=10.0.0.0, Culture=neutral, PublicKeyToken=b03f5f7f11d50a3a" className="PrivateReflectionUsingDynamicTests.UnitTest, PrivateReflectionUsingDynamicTests, Version=1.0.0.0, Culture=neutral, PublicKeyToken=null" name="TestPrivateIntegerField" />
    </UnitTest>
    <UnitTest name="TestBlog" storage="d:\dd\personal\davidebb\privatereflectionusingdynamic\privatereflectionusingdynamictests\bin\debug\privatereflectionusingdynamictests.dll" id="ff69ceda-5a5a-6504-1f33-a4b4eb4be488">
      <Execution id="0b622960-17af-47f0-a48a-db1ed8d95b26" />
      <TestMethod codeBase="D:/dd/Personal/davidebb/PrivateReflectionUsingDynamic/PrivateReflectionUsingDynamicTests/bin/Debug/PrivateReflectionUsingDynamicTests.DLL" adapterTypeName="Microsoft.VisualStudio.TestTools.TestTypes.Unit.UnitTestAdapter, Microsoft.VisualStudio.QualityTools.Tips.UnitTest.Adapter, Version=10.0.0.0, Culture=neutral, PublicKeyToken=b03f5f7f11d50a3a" className="PrivateReflectionUsingDynamicTests.UnitTest, PrivateReflectionUsingDynamicTests, Version=1.0.0.0, Culture=neutral, PublicKeyToken=null" name="TestBlog" />
    </UnitTest>
    <UnitTest name="TestDictionaryAccess" storage="d:\dd\personal\davidebb\privatereflectionusingdynamic\privatereflectionusingdynamictests\bin\debug\privatereflectionusingdynamictests.dll" id="031f6192-9900-c39b-99cf-002af668f41f">
      <Execution id="4db7ddd7-301b-4068-bb36-83e75f6ac8a1" />
      <TestMethod codeBase="D:/dd/Personal/davidebb/PrivateReflectionUsingDynamic/PrivateReflectionUsingDynamicTests/bin/Debug/PrivateReflectionUsingDynamicTests.DLL" adapterTypeName="Microsoft.VisualStudio.TestTools.TestTypes.Unit.UnitTestAdapter, Microsoft.VisualStudio.QualityTools.Tips.UnitTest.Adapter, Version=10.0.0.0, Culture=neutral, PublicKeyToken=b03f5f7f11d50a3a" className="PrivateReflectionUsingDynamicTests.UnitTest, PrivateReflectionUsingDynamicTests, Version=1.0.0.0, Culture=neutral, PublicKeyToken=null" name="TestDictionaryAccess" />
    </UnitTest>
  </TestDefinitions>
  <TestLists>
    <TestList name="Results Not in a List" id="8c84fa94-04c1-424b-9868-57a2d4851a1d" />
    <TestList name="All Loaded Results" id="19431567-8539-422a-85d7-44ee4e166bda" />
  </TestLists>
  <TestEntries>
    <TestEntry testId="f6cfbbed-3fd1-78f2-d5b2-89a3764926a4" executionId="f285eae1-25b2-40b0-830b-86009599e3f7" testListId="8c84fa94-04c1-424b-9868-57a2d4851a1d" />
    <TestEntry testId="4b36bde5-1634-b637-1274-9db56abb73ea" executionId="117d94d6-c5f2-4009-a203-29b18735af95" testListId="8c84fa94-04c1-424b-9868-57a2d4851a1d" />
    <TestEntry testId="093088ff-49fe-0eb4-e67d-6dcd5abce771" executionId="cc774394-2b5f-4016-b0d6-a62a2b6c6253" testListId="8c84fa94-04c1-424b-9868-57a2d4851a1d" />
    <TestEntry testId="0fa61d3e-5254-5fde-8e98-21822df23ec9" executionId="4e511cd7-d0f7-4d9c-bed2-a63114147ee4" testListId="8c84fa94-04c1-424b-9868-57a2d4851a1d" />
    <TestEntry testId="501e21f3-c0d5-23f0-7c2e-900ecdcbd731" executionId="59de2fcb-4da2-4934-b18b-e96d824f78ee" testListId="8c84fa94-04c1-424b-9868-57a2d4851a1d" />
    <TestEntry testId="8cc72e28-a1ed-9c16-5b96-95c58e5eb38e" executionId="66f92e48-dfcb-4a8c-a977-e4875af5ce0f" testListId="8c84fa94-04c1-424b-9868-57a2d4851a1d" />
    <TestEntry testId="c70b085f-3b53-80ae-a27f-3fb5b46cb87f" executionId="5951a69a-c4bd-4aa1-bc2a-2b5960ddd86d" testListId="8c84fa94-04c1-424b-9868-57a2d4851a1d" />
    <TestEntry testId="4bdc0b46-27ac-83e5-3d46-17ac595b19b8" executionId="bde64085-42f2-4475-9018-23991663bbf9" testListId="8c84fa94-04c1-424b-9868-57a2d4851a1d" />
    <TestEntry testId="2e5ea59c-b775-b3b8-74fa-0d7e08c599af" executionId="5b1faa71-2a44-4338-8a39-77ff159c30a3" testListId="8c84fa94-04c1-424b-9868-57a2d4851a1d" />
    <TestEntry testId="515e85d0-0ebd-1827-1b15-886fe112e87e" executionId="a03cfd12-8a84-4269-9236-900f33aa2fc9" testListId="8c84fa94-04c1-424b-9868-57a2d4851a1d" />
    <TestEntry testId="83630d20-91b5-7dcf-68d8-4666bff25a0d" executionId="263dc29f-f253-4d03-a60f-fd280495c6a1" testListId="8c84fa94-04c1-424b-9868-57a2d4851a1d" />
    <TestEntry testId="031f6192-9900-c39b-99cf-002af668f41f" executionId="4db7ddd7-301b-4068-bb36-83e75f6ac8a1" testListId="8c84fa94-04c1-424b-9868-57a2d4851a1d" />
    <TestEntry testId="c3d8fd84-eed8-296d-d4b6-9107e7e64576" executionId="07a1d578-b2b0-46ef-a8f4-a48075ef7610" testListId="8c84fa94-04c1-424b-9868-57a2d4851a1d" />
    <TestEntry testId="ff69ceda-5a5a-6504-1f33-a4b4eb4be488" executionId="0b622960-17af-47f0-a48a-db1ed8d95b26" testListId="8c84fa94-04c1-424b-9868-57a2d4851a1d" />
  </TestEntries>
  <Results>
    <UnitTestResult executionId="f285eae1-25b2-40b0-830b-86009599e3f7" testId="f6cfbbed-3fd1-78f2-d5b2-89a3764926a4" testName="TestPropertyGetAndSetInternalInteger" computerName="DAVIDEBB-DEV10" duration="00:00:00.0439393" startTime="2010-01-18T17:56:53.8356230-08:00" endTime="2010-01-18T17:56:54.1168694-08:00" testType="13cdc9d9-ddb5-4fa4-a97d-d965ccfc6d4b" outcome="Passed" testListId="8c84fa94-04c1-424b-9868-57a2d4851a1d" relativeResultsDirectory="f285eae1-25b2-40b0-830b-86009599e3f7">
    </UnitTestResult>
    <UnitTestResult executionId="117d94d6-c5f2-4009-a203-29b18735af95" testId="4b36bde5-1634-b637-1274-9db56abb73ea" testName="TestPropertyGetAndSetPublicBool" computerName="DAVIDEBB-DEV10" duration="00:00:00.0193186" startTime="2010-01-18T17:56:54.1168694-08:00" endTime="2010-01-18T17:56:54.1481190-08:00" testType="13cdc9d9-ddb5-4fa4-a97d-d965ccfc6d4b" outcome="Passed" testListId="8c84fa94-04c1-424b-9868-57a2d4851a1d" relativeResultsDirectory="117d94d6-c5f2-4009-a203-29b18735af95">
    </UnitTestResult>
    <UnitTestResult executionId="cc774394-2b5f-4016-b0d6-a62a2b6c6253" testId="093088ff-49fe-0eb4-e67d-6dcd5abce771" testName="TestPropertyGetAndSetPrivateString" computerName="DAVIDEBB-DEV10" duration="00:00:00.0082708" startTime="2010-01-18T17:56:54.1637438-08:00" endTime="2010-01-18T17:56:54.1949934-08:00" testType="13cdc9d9-ddb5-4fa4-a97d-d965ccfc6d4b" outcome="Passed" testListId="8c84fa94-04c1-424b-9868-57a2d4851a1d" relativeResultsDirectory="cc774394-2b5f-4016-b0d6-a62a2b6c6253">
    </UnitTestResult>
    <UnitTestResult executionId="4e511cd7-d0f7-4d9c-bed2-a63114147ee4" testId="0fa61d3e-5254-5fde-8e98-21822df23ec9" testName="TestPrivateIntegerField" computerName="DAVIDEBB-DEV10" duration="00:00:00.0105776" startTime="2010-01-18T17:56:54.1949934-08:00" endTime="2010-01-18T17:56:54.2106182-08:00" testType="13cdc9d9-ddb5-4fa4-a97d-d965ccfc6d4b" outcome="Passed" testListId="8c84fa94-04c1-424b-9868-57a2d4851a1d" relativeResultsDirectory="4e511cd7-d0f7-4d9c-bed2-a63114147ee4">
    </UnitTestResult>
    <UnitTestResult executionId="59de2fcb-4da2-4934-b18b-e96d824f78ee" testId="501e21f3-c0d5-23f0-7c2e-900ecdcbd731" testName="TestOperatorOnIntegers" computerName="DAVIDEBB-DEV10" duration="00:00:00.0108348" startTime="2010-01-18T17:56:54.2262430-08:00" endTime="2010-01-18T17:56:54.2418678-08:00" testType="13cdc9d9-ddb5-4fa4-a97d-d965ccfc6d4b" outcome="Passed" testListId="8c84fa94-04c1-424b-9868-57a2d4851a1d" relativeResultsDirectory="59de2fcb-4da2-4934-b18b-e96d824f78ee">
    </UnitTestResult>
    <UnitTestResult executionId="66f92e48-dfcb-4a8c-a977-e4875af5ce0f" testId="8cc72e28-a1ed-9c16-5b96-95c58e5eb38e" testName="TestOperatorOnStrings" computerName="DAVIDEBB-DEV10" duration="00:00:00.0171706" startTime="2010-01-18T17:56:54.2418678-08:00" endTime="2010-01-18T17:56:54.2574926-08:00" testType="13cdc9d9-ddb5-4fa4-a97d-d965ccfc6d4b" outcome="Passed" testListId="8c84fa94-04c1-424b-9868-57a2d4851a1d" relativeResultsDirectory="66f92e48-dfcb-4a8c-a977-e4875af5ce0f">
    </UnitTestResult>
    <UnitTestResult executionId="5951a69a-c4bd-4aa1-bc2a-2b5960ddd86d" testId="c70b085f-3b53-80ae-a27f-3fb5b46cb87f" testName="TestMissingProperty" computerName="DAVIDEBB-DEV10" duration="00:00:00.0046377" startTime="2010-01-18T17:56:54.2731174-08:00" endTime="2010-01-18T17:56:54.2731174-08:00" testType="13cdc9d9-ddb5-4fa4-a97d-d965ccfc6d4b" outcome="Passed" testListId="8c84fa94-04c1-424b-9868-57a2d4851a1d" relativeResultsDirectory="5951a69a-c4bd-4aa1-bc2a-2b5960ddd86d">
    </UnitTestResult>
    <UnitTestResult executionId="bde64085-42f2-4475-9018-23991663bbf9" testId="4bdc0b46-27ac-83e5-3d46-17ac595b19b8" testName="TestMethodCalls" computerName="DAVIDEBB-DEV10" duration="00:00:00.0129125" startTime="2010-01-18T17:56:54.2731174-08:00" endTime="2010-01-18T17:56:54.2887422-08:00" testType="13cdc9d9-ddb5-4fa4-a97d-d965ccfc6d4b" outcome="Passed" testListId="8c84fa94-04c1-424b-9868-57a2d4851a1d" relativeResultsDirectory="bde64085-42f2-4475-9018-23991663bbf9">
    </UnitTestResult>
    <UnitTestResult executionId="5b1faa71-2a44-4338-8a39-77ff159c30a3" testId="2e5ea59c-b775-b3b8-74fa-0d7e08c599af" testName="TestPropertyGetAndSetOnSubObject" computerName="DAVIDEBB-DEV10" duration="00:00:00.0071109" startTime="2010-01-18T17:56:54.3043670-08:00" endTime="2010-01-18T17:56:54.3043670-08:00" testType="13cdc9d9-ddb5-4fa4-a97d-d965ccfc6d4b" outcome="Passed" testListId="8c84fa94-04c1-424b-9868-57a2d4851a1d" relativeResultsDirectory="5b1faa71-2a44-4338-8a39-77ff159c30a3">
    </UnitTestResult>
    <UnitTestResult executionId="a03cfd12-8a84-4269-9236-900f33aa2fc9" testId="515e85d0-0ebd-1827-1b15-886fe112e87e" testName="TestNullSubObject" computerName="DAVIDEBB-DEV10" duration="00:00:00.0029959" startTime="2010-01-18T17:56:54.3199918-08:00" endTime="2010-01-18T17:56:54.3199918-08:00" testType="13cdc9d9-ddb5-4fa4-a97d-d965ccfc6d4b" outcome="Passed" testListId="8c84fa94-04c1-424b-9868-57a2d4851a1d" relativeResultsDirectory="a03cfd12-8a84-4269-9236-900f33aa2fc9">
    </UnitTestResult>
    <UnitTestResult executionId="263dc29f-f253-4d03-a60f-fd280495c6a1" testId="83630d20-91b5-7dcf-68d8-4666bff25a0d" testName="TestIndexedProperty" computerName="DAVIDEBB-DEV10" duration="00:00:00.0100764" startTime="2010-01-18T17:56:54.3199918-08:00" endTime="2010-01-18T17:56:54.3356166-08:00" testType="13cdc9d9-ddb5-4fa4-a97d-d965ccfc6d4b" outcome="Passed" testListId="8c84fa94-04c1-424b-9868-57a2d4851a1d" relativeResultsDirectory="263dc29f-f253-4d03-a60f-fd280495c6a1">
    </UnitTestResult>
    <UnitTestResult executionId="4db7ddd7-301b-4068-bb36-83e75f6ac8a1" testId="031f6192-9900-c39b-99cf-002af668f41f" testName="TestDictionaryAccess" computerName="DAVIDEBB-DEV10" duration="00:00:00.0192929" startTime="2010-01-18T17:56:54.3512414-08:00" endTime="2010-01-18T17:56:54.3981158-08:00" testType="13cdc9d9-ddb5-4fa4-a97d-d965ccfc6d4b" outcome="Passed" testListId="8c84fa94-04c1-424b-9868-57a2d4851a1d" relativeResultsDirectory="4db7ddd7-301b-4068-bb36-83e75f6ac8a1">
    </UnitTestResult>
    <UnitTestResult executionId="07a1d578-b2b0-46ef-a8f4-a48075ef7610" testId="c3d8fd84-eed8-296d-d4b6-9107e7e64576" testName="TestMiscSystemWebCode" computerName="DAVIDEBB-DEV10" duration="00:00:00.0557014" startTime="2010-01-18T17:56:54.3981158-08:00" endTime="2010-01-18T17:56:54.4449902-08:00" testType="13cdc9d9-ddb5-4fa4-a97d-d965ccfc6d4b" outcome="Passed" testListId="8c84fa94-04c1-424b-9868-57a2d4851a1d" relativeResultsDirectory="07a1d578-b2b0-46ef-a8f4-a48075ef7610">
    </UnitTestResult>
    <UnitTestResult executionId="0b622960-17af-47f0-a48a-db1ed8d95b26" testId="ff69ceda-5a5a-6504-1f33-a4b4eb4be488" testName="TestBlog" computerName="DAVIDEBB-DEV10" duration="00:00:00.0218128" startTime="2010-01-18T17:56:54.4449902-08:00" endTime="2010-01-18T17:56:54.4762398-08:00" testType="13cdc9d9-ddb5-4fa4-a97d-d965ccfc6d4b" outcome="Failed" testListId="8c84fa94-04c1-424b-9868-57a2d4851a1d" relativeResultsDirectory="0b622960-17af-47f0-a48a-db1ed8d95b26">
      <Output>
        <ErrorInfo>
          <Message>Test method PrivateReflectionUsingDynamicTests.UnitTest.TestBlog threw exception: 
Microsoft.CSharp.RuntimeBinder.RuntimeBinderException: 'LibraryWithPrivateMembers.Foo1.GetOtherClass()' is inaccessible due to its protection level</Message>
          <StackTrace>    at CallSite.Target(Closure , CallSite , Object )
   at System.Dynamic.UpdateDelegates.UpdateAndExecute1[T0,TRet](CallSite site, T0 arg0)
   at PrivateReflectionUsingDynamicTests.UnitTest.TestBlog() in D:\dd\Personal\davidebb\PrivateReflectionUsingDynamic\PrivateReflectionUsingDynamicTests\UnitTest.cs:line 140
</StackTrace>
        </ErrorInfo>
      </Output>
    </UnitTestResult>
  </Results>
</TestRun>