<?xml version="1.0" encoding="UTF-8"?>
<TestRun id="23b28ebc-0cf9-482f-aaeb-8526400dcf49" name="davidebb@DAVIDEBB-DEV10 2010-01-18 16:39:53" runUser="REDMOND\davidebb" xmlns="http://microsoft.com/schemas/VisualStudio/TeamTest/2010">
  <TestSettings name="Local" id="b2b2f6e3-bc8e-490c-9424-70eba3716a9e">
    <Description>These are default test settings for a local test run.</Description>
    <Deployment enabled="false" runDeploymentRoot="davidebb_DAVIDEBB-DEV10 2010-01-18 16_39_53" />
    <Execution>
      <TestTypeSpecific />
      <AgentRule name="Execution Agents">
      </AgentRule>
    </Execution>
  </TestSettings>
  <Times creation="2010-01-18T16:39:53.3514302-08:00" queuing="2010-01-18T16:39:55.0505402-08:00" start="2010-01-18T16:39:55.3454432-08:00" finish="2010-01-18T16:39:57.7075967-08:00" />
  <ResultSummary outcome="Failed">
    <Counters total="1" executed="1" error="0" failed="1" timeout="0" aborted="0" inconclusive="0" passedButRunAborted="0" notRunnable="0" notExecuted="0" disconnected="0" warning="0" passed="0" completed="0" inProgress="0" pending="0" />
  </ResultSummary>
  <TestDefinitions>
    <UnitTest name="TestMiscSystemWebCode" storage="d:\dd\personal\davidebb\privatereflectionusingdynamic\privatereflectionusingdynamictests\bin\debug\privatereflectionusingdynamictests.dll" id="c3d8fd84-eed8-296d-d4b6-9107e7e64576">
      <Execution id="b919b457-f28b-4559-b603-addd0127d487" />
      <TestMethod codeBase="D:/dd/Personal/davidebb/PrivateReflectionUsingDynamic/PrivateReflectionUsingDynamicTests/bin/Debug/PrivateReflectionUsingDynamicTests.DLL" adapterTypeName="Microsoft.VisualStudio.TestTools.TestTypes.Unit.UnitTestAdapter, Microsoft.VisualStudio.QualityTools.Tips.UnitTest.Adapter, Version=10.0.0.0, Culture=neutral, PublicKeyToken=b03f5f7f11d50a3a" className="PrivateReflectionUsingDynamicTests.UnitTest, PrivateReflectionUsingDynamicTests, Version=1.0.0.0, Culture=neutral, PublicKeyToken=null" name="TestMiscSystemWebCode" />
    </UnitTest>
  </TestDefinitions>
  <TestLists>
    <TestList name="Results Not in a List" id="8c84fa94-04c1-424b-9868-57a2d4851a1d" />
    <TestList name="All Loaded Results" id="19431567-8539-422a-85d7-44ee4e166bda" />
  </TestLists>
  <TestEntries>
    <TestEntry testId="c3d8fd84-eed8-296d-d4b6-9107e7e64576" executionId="b919b457-f28b-4559-b603-addd0127d487" testListId="8c84fa94-04c1-424b-9868-57a2d4851a1d" />
  </TestEntries>
  <Results>
    <UnitTestResult executionId="b919b457-f28b-4559-b603-addd0127d487" testId="c3d8fd84-eed8-296d-d4b6-9107e7e64576" testName="TestMiscSystemWebCode" computerName="DAVIDEBB-DEV10" duration="00:00:01.0293425" startTime="2010-01-18T16:39:55.5094952-08:00" endTime="2010-01-18T16:39:57.5718632-08:00" testType="13cdc9d9-ddb5-4fa4-a97d-d965ccfc6d4b" outcome="Failed" testListId="8c84fa94-04c1-424b-9868-57a2d4851a1d" relativeResultsDirectory="b919b457-f28b-4559-b603-addd0127d487">
      <Output>
        <ErrorInfo>
          <Message>Test method PrivateReflectionUsingDynamicTests.UnitTest.TestMiscSystemWebCode threw exception: 
System.MissingMethodException: Method 'System.Object.Add' not found.</Message>
          <StackTrace>    at System.RuntimeType.InvokeMember(String name, BindingFlags bindingFlags, Binder binder, Object target, Object[] providedArgs, ParameterModifier[] modifiers, CultureInfo culture, String[] namedParams)
   at System.Type.InvokeMember(String name, BindingFlags invokeAttr, Binder binder, Object target, Object[] args)
   at PrivateReflectionUsingDynamic.PrivateReflectionDynamicObject.InvokeMemberOnType(Type type, Object target, String name, Object[] args) in D:\dd\Personal\davidebb\PrivateReflectionUsingDynamic\PrivateReflectionUsingDynamic\PrivateReflectionDynamicObject.cs:line 207
   at PrivateReflectionUsingDynamic.PrivateReflectionDynamicObject.InvokeMemberOnType(Type type, Object target, String name, Object[] args) in D:\dd\Personal\davidebb\PrivateReflectionUsingDynamic\PrivateReflectionUsingDynamic\PrivateReflectionDynamicObject.cs:line 204
   at PrivateReflectionUsingDynamic.PrivateReflectionDynamicObject.TryInvokeMember(InvokeMemberBinder binder, Object[] args, Object&amp; result) in D:\dd\Personal\davidebb\PrivateReflectionUsingDynamic\PrivateReflectionUsingDynamic\PrivateReflectionDynamicObject.cs:line 113
   at CallSite.Target(Closure , CallSite , Object , Object )
   at System.Dynamic.UpdateDelegates.UpdateAndExecuteVoid2[T0,T1](CallSite site, T0 arg0, T1 arg1)
   at PrivateReflectionUsingDynamicTests.UnitTest.TestMiscSystemWebCode() in D:\dd\Personal\davidebb\PrivateReflectionUsingDynamic\PrivateReflectionUsingDynamicTests\UnitTest.cs:line 118
</StackTrace>
        </ErrorInfo>
      </Output>
    </UnitTestResult>
  </Results>
</TestRun>