<?xml version="1.0" encoding="UTF-8"?>
<TestRun id="e465cb30-f042-4f9b-9f8c-754cbfc066ab" name="davidebb@DAVIDEBB-DEV10 2010-01-18 16:55:16" runUser="REDMOND\davidebb" xmlns="http://microsoft.com/schemas/VisualStudio/TeamTest/2010">
  <TestSettings name="Local" id="b2b2f6e3-bc8e-490c-9424-70eba3716a9e">
    <Description>These are default test settings for a local test run.</Description>
    <Deployment enabled="false" runDeploymentRoot="davidebb_DAVIDEBB-DEV10 2010-01-18 16_55_16" />
    <Execution>
      <TestTypeSpecific />
      <AgentRule name="Execution Agents">
      </AgentRule>
    </Execution>
  </TestSettings>
  <Times creation="2010-01-18T16:55:16.0897879-08:00" queuing="2010-01-18T16:55:16.1054128-08:00" start="2010-01-18T16:55:16.1366626-08:00" finish="2010-01-18T16:55:16.7772835-08:00" />
  <ResultSummary outcome="Completed">
    <Counters total="13" executed="13" passed="13" error="0" failed="0" timeout="0" aborted="0" inconclusive="0" passedButRunAborted="0" notRunnable="0" notExecuted="0" disconnected="0" warning="0" completed="0" inProgress="0" pending="0" />
  </ResultSummary>
  <TestDefinitions>
    <UnitTest name="TestPropertyGetAndSetPrivateString" storage="d:\dd\personal\davidebb\privatereflectionusingdynamic\privatereflectionusingdynamictests\bin\debug\privatereflectionusingdynamictests.dll" id="093088ff-49fe-0eb4-e67d-6dcd5abce771">
      <Execution id="db69b3bf-734b-4b2c-beec-e04570748b53" />
      <TestMethod codeBase="D:/dd/Personal/davidebb/PrivateReflectionUsingDynamic/PrivateReflectionUsingDynamicTests/bin/Debug/PrivateReflectionUsingDynamicTests.DLL" adapterTypeName="Microsoft.VisualStudio.TestTools.TestTypes.Unit.UnitTestAdapter, Microsoft.VisualStudio.QualityTools.Tips.UnitTest.Adapter, Version=10.0.0.0, Culture=neutral, PublicKeyToken=b03f5f7f11d50a3a" className="PrivateReflectionUsingDynamicTests.UnitTest, PrivateReflectionUsingDynamicTests, Version=1.0.0.0, Culture=neutral, PublicKeyToken=null" name="TestPropertyGetAndSetPrivateString" />
    </UnitTest>
    <UnitTest name="TestMiscSystemWebCode" storage="d:\dd\personal\davidebb\privatereflectionusingdynamic\privatereflectionusingdynamictests\bin\debug\privatereflectionusingdynamictests.dll" id="c3d8fd84-eed8-296d-d4b6-9107e7e64576">
      <Execution id="038f9828-b26f-40fb-9317-6bf32fd7f717" />
      <TestMethod codeBase="D:/dd/Personal/davidebb/PrivateReflectionUsingDynamic/PrivateReflectionUsingDynamicTests/bin/Debug/PrivateReflectionUsingDynamicTests.DLL" adapterTypeName="Microsoft.VisualStudio.TestTools.TestTypes.Unit.UnitTestAdapter, Microsoft.VisualStudio.QualityTools.Tips.UnitTest.Adapter, Version=10.0.0.0, Culture=neutral, PublicKeyToken=b03f5f7f11d50a3a" className="PrivateReflectionUsingDynamicTests.UnitTest, PrivateReflectionUsingDynamicTests, Version=1.0.0.0, Culture=neutral, PublicKeyToken=null" name="TestMiscSystemWebCode" />
    </UnitTest>
    <UnitTest name="TestPropertyGetAndSetOnSubObject" storage="d:\dd\personal\davidebb\privatereflectionusingdynamic\privatereflectionusingdynamictests\bin\debug\privatereflectionusingdynamictests.dll" id="2e5ea59c-b775-b3b8-74fa-0d7e08c599af">
      <Execution id="957f6fb9-1952-489c-bafe-bf98be940b5a" />
      <TestMethod codeBase="D:/dd/Personal/davidebb/PrivateReflectionUsingDynamic/PrivateReflectionUsingDynamicTests/bin/Debug/PrivateReflectionUsingDynamicTests.DLL" adapterTypeName="Microsoft.VisualStudio.TestTools.TestTypes.Unit.UnitTestAdapter, Microsoft.VisualStudio.QualityTools.Tips.UnitTest.Adapter, Version=10.0.0.0, Culture=neutral, PublicKeyToken=b03f5f7f11d50a3a" className="PrivateReflectionUsingDynamicTests.UnitTest, PrivateReflectionUsingDynamicTests, Version=1.0.0.0, Culture=neutral, PublicKeyToken=null" name="TestPropertyGetAndSetOnSubObject" />
    </UnitTest>
    <UnitTest name="TestIndexedProperty" storage="d:\dd\personal\davidebb\privatereflectionusingdynamic\privatereflectionusingdynamictests\bin\debug\privatereflectionusingdynamictests.dll" id="83630d20-91b5-7dcf-68d8-4666bff25a0d">
      <Execution id="caf7b11b-c233-4002-8a00-85f9e4dabb85" />
      <TestMethod codeBase="D:/dd/Personal/davidebb/PrivateReflectionUsingDynamic/PrivateReflectionUsingDynamicTests/bin/Debug/PrivateReflectionUsingDynamicTests.DLL" adapterTypeName="Microsoft.VisualStudio.TestTools.TestTypes.Unit.UnitTestAdapter, Microsoft.VisualStudio.QualityTools.Tips.UnitTest.Adapter, Version=10.0.0.0, Culture=neutral, PublicKeyToken=b03f5f7f11d50a3a" className="PrivateReflectionUsingDynamicTests.UnitTest, PrivateReflectionUsingDynamicTests, Version=1.0.0.0, Culture=neutral, PublicKeyToken=null" name="TestIndexedProperty" />
    </UnitTest>
    <UnitTest name="TestNullSubObject" storage="d:\dd\personal\davidebb\privatereflectionusingdynamic\privatereflectionusingdynamictests\bin\debug\privatereflectionusingdynamictests.dll" id="515e85d0-0ebd-1827-1b15-886fe112e87e">
      <Execution id="03febff8-1272-4042-bbac-cbaf737c68c1" />
      <TestMethod codeBase="D:/dd/Personal/davidebb/PrivateReflectionUsingDynamic/PrivateReflectionUsingDynamicTests/bin/Debug/PrivateReflectionUsingDynamicTests.DLL" adapterTypeName="Microsoft.VisualStudio.TestTools.TestTypes.Unit.UnitTestAdapter, Microsoft.VisualStudio.QualityTools.Tips.UnitTest.Adapter, Version=10.0.0.0, Culture=neutral, PublicKeyToken=b03f5f7f11d50a3a" className="PrivateReflectionUsingDynamicTests.UnitTest, PrivateReflectionUsingDynamicTests, Version=1.0.0.0, Culture=neutral, PublicKeyToken=null" name="TestNullSubObject" />
    </UnitTest>
    <UnitTest name="TestOperatorOnStrings" storage="d:\dd\personal\davidebb\privatereflectionusingdynamic\privatereflectionusingdynamictests\bin\debug\privatereflectionusingdynamictests.dll" id="8cc72e28-a1ed-9c16-5b96-95c58e5eb38e">
      <Execution id="97825e59-8a22-4f00-b4e3-8b956fbe3bbb" />
      <TestMethod codeBase="D:/dd/Personal/davidebb/PrivateReflectionUsingDynamic/PrivateReflectionUsingDynamicTests/bin/Debug/PrivateReflectionUsingDynamicTests.DLL" adapterTypeName="Microsoft.VisualStudio.TestTools.TestTypes.Unit.UnitTestAdapter, Microsoft.VisualStudio.QualityTools.Tips.UnitTest.Adapter, Version=10.0.0.0, Culture=neutral, PublicKeyToken=b03f5f7f11d50a3a" className="PrivateReflectionUsingDynamicTests.UnitTest, PrivateReflectionUsingDynamicTests, Version=1.0.0.0, Culture=neutral, PublicKeyToken=null" name="TestOperatorOnStrings" />
    </UnitTest>
    <UnitTest name="TestOperatorOnIntegers" storage="d:\dd\personal\davidebb\privatereflectionusingdynamic\privatereflectionusingdynamictests\bin\debug\privatereflectionusingdynamictests.dll" id="501e21f3-c0d5-23f0-7c2e-900ecdcbd731">
      <Execution id="a571c2aa-a4d4-4c3d-b744-86a90c5c19df" />
      <TestMethod codeBase="D:/dd/Personal/davidebb/PrivateReflectionUsingDynamic/PrivateReflectionUsingDynamicTests/bin/Debug/PrivateReflectionUsingDynamicTests.DLL" adapterTypeName="Microsoft.VisualStudio.TestTools.TestTypes.Unit.UnitTestAdapter, Microsoft.VisualStudio.QualityTools.Tips.UnitTest.Adapter, Version=10.0.0.0, Culture=neutral, PublicKeyToken=b03f5f7f11d50a3a" className="PrivateReflectionUsingDynamicTests.UnitTest, PrivateReflectionUsingDynamicTests, Version=1.0.0.0, Culture=neutral, PublicKeyToken=null" name="TestOperatorOnIntegers" />
    </UnitTest>
    <UnitTest name="TestPropertyGetAndSetPublicBool" storage="d:\dd\personal\davidebb\privatereflectionusingdynamic\privatereflectionusingdynamictests\bin\debug\privatereflectionusingdynamictests.dll" id="4b36bde5-1634-b637-1274-9db56abb73ea">
      <Execution id="15231b26-a3d3-4dcb-a2cb-43a56e32c68e" />
      <TestMethod codeBase="D:/dd/Personal/davidebb/PrivateReflectionUsingDynamic/PrivateReflectionUsingDynamicTests/bin/Debug/PrivateReflectionUsingDynamicTests.DLL" adapterTypeName="Microsoft.VisualStudio.TestTools.TestTypes.Unit.UnitTestAdapter, Microsoft.VisualStudio.QualityTools.Tips.UnitTest.Adapter, Version=10.0.0.0, Culture=neutral, PublicKeyToken=b03f5f7f11d50a3a" className="PrivateReflectionUsingDynamicTests.UnitTest, PrivateReflectionUsingDynamicTests, Version=1.0.0.0, Culture=neutral, PublicKeyToken=null" name="TestPropertyGetAndSetPublicBool" />
    </UnitTest>
    <UnitTest name="TestMissingProperty" storage="d:\dd\personal\davidebb\privatereflectionusingdynamic\privatereflectionusingdynamictests\bin\debug\privatereflectionusingdynamictests.dll" id="c70b085f-3b53-80ae-a27f-3fb5b46cb87f">
      <Execution id="dcfe9f5f-3438-4347-a80b-71a4cebe7f49" />
      <TestMethod codeBase="D:/dd/Personal/davidebb/PrivateReflectionUsingDynamic/PrivateReflectionUsingDynamicTests/bin/Debug/PrivateReflectionUsingDynamicTests.DLL" adapterTypeName="Microsoft.VisualStudio.TestTools.TestTypes.Unit.UnitTestAdapter, Microsoft.VisualStudio.QualityTools.Tips.UnitTest.Adapter, Version=10.0.0.0, Culture=neutral, PublicKeyToken=b03f5f7f11d50a3a" className="PrivateReflectionUsingDynamicTests.UnitTest, PrivateReflectionUsingDynamicTests, Version=1.0.0.0, Culture=neutral, PublicKeyToken=null" name="TestMissingProperty" />
    </UnitTest>
    <UnitTest name="TestPropertyGetAndSetInternalInteger" storage="d:\dd\personal\davidebb\privatereflectionusingdynamic\privatereflectionusingdynamictests\bin\debug\privatereflectionusingdynamictests.dll" id="f6cfbbed-3fd1-78f2-d5b2-89a3764926a4">
      <Execution id="6dc4e9a8-a246-4994-88df-fabcd56ba240" />
      <TestMethod codeBase="D:/dd/Personal/davidebb/PrivateReflectionUsingDynamic/PrivateReflectionUsingDynamicTests/bin/Debug/PrivateReflectionUsingDynamicTests.DLL" adapterTypeName="Microsoft.VisualStudio.TestTools.TestTypes.Unit.UnitTestAdapter, Microsoft.VisualStudio.QualityTools.Tips.UnitTest.Adapter, Version=10.0.0.0, Culture=neutral, PublicKeyToken=b03f5f7f11d50a3a" className="PrivateReflectionUsingDynamicTests.UnitTest, PrivateReflectionUsingDynamicTests, Version=1.0.0.0, Culture=neutral, PublicKeyToken=null" name="TestPropertyGetAndSetInternalInteger" />
    </UnitTest>
    <UnitTest name="TestMethodCalls" storage="d:\dd\personal\davidebb\privatereflectionusingdynamic\privatereflectionusingdynamictests\bin\debug\privatereflectionusingdynamictests.dll" id="4bdc0b46-27ac-83e5-3d46-17ac595b19b8">
      <Execution id="9a8accd4-5816-4ead-8e9d-aead5daa84c3" />
      <TestMethod codeBase="D:/dd/Personal/davidebb/PrivateReflectionUsingDynamic/PrivateReflectionUsingDynamicTests/bin/Debug/PrivateReflectionUsingDynamicTests.DLL" adapterTypeName="Microsoft.VisualStudio.TestTools.TestTypes.Unit.UnitTestAdapter, Microsoft.VisualStudio.QualityTools.Tips.UnitTest.Adapter, Version=10.0.0.0, Culture=neutral, PublicKeyToken=b03f5f7f11d50a3a" className="PrivateReflectionUsingDynamicTests.UnitTest, PrivateReflectionUsingDynamicTests, Version=1.0.0.0, Culture=neutral, PublicKeyToken=null" name="TestMethodCalls" />
    </UnitTest>
    <UnitTest name="TestPrivateIntegerField" storage="d:\dd\personal\davidebb\privatereflectionusingdynamic\privatereflectionusingdynamictests\bin\debug\privatereflectionusingdynamictests.dll" id="0fa61d3e-5254-5fde-8e98-21822df23ec9">
      <Execution id="573e97bf-2c77-4416-bbe2-9afbce837084" />
      <TestMethod codeBase="D:/dd/Personal/davidebb/PrivateReflectionUsingDynamic/PrivateReflectionUsingDynamicTests/bin/Debug/PrivateReflectionUsingDynamicTests.DLL" adapterTypeName="Microsoft.VisualStudio.TestTools.TestTypes.Unit.UnitTestAdapter, Microsoft.VisualStudio.QualityTools.Tips.UnitTest.Adapter, Version=10.0.0.0, Culture=neutral, PublicKeyToken=b03f5f7f11d50a3a" className="PrivateReflectionUsingDynamicTests.UnitTest, PrivateReflectionUsingDynamicTests, Version=1.0.0.0, Culture=neutral, PublicKeyToken=null" name="TestPrivateIntegerField" />
    </UnitTest>
    <UnitTest name="TestDictionaryAccess" storage="d:\dd\personal\davidebb\privatereflectionusingdynamic\privatereflectionusingdynamictests\bin\debug\privatereflectionusingdynamictests.dll" id="031f6192-9900-c39b-99cf-002af668f41f">
      <Execution id="8e659a35-1c37-4aea-8a93-eb4ed8d9a8f2" />
      <TestMethod codeBase="D:/dd/Personal/davidebb/PrivateReflectionUsingDynamic/PrivateReflectionUsingDynamicTests/bin/Debug/PrivateReflectionUsingDynamicTests.DLL" adapterTypeName="Microsoft.VisualStudio.TestTools.TestTypes.Unit.UnitTestAdapter, Microsoft.VisualStudio.QualityTools.Tips.UnitTest.Adapter, Version=10.0.0.0, Culture=neutral, PublicKeyToken=b03f5f7f11d50a3a" className="PrivateReflectionUsingDynamicTests.UnitTest, PrivateReflectionUsingDynamicTests, Version=1.0.0.0, Culture=neutral, PublicKeyToken=null" name="TestDictionaryAccess" />
    </UnitTest>
  </TestDefinitions>
  <TestLists>
    <TestList name="Results Not in a List" id="8c84fa94-04c1-424b-9868-57a2d4851a1d" />
    <TestList name="All Loaded Results" id="19431567-8539-422a-85d7-44ee4e166bda" />
  </TestLists>
  <TestEntries>
    <TestEntry testId="f6cfbbed-3fd1-78f2-d5b2-89a3764926a4" executionId="6dc4e9a8-a246-4994-88df-fabcd56ba240" testListId="8c84fa94-04c1-424b-9868-57a2d4851a1d" />
    <TestEntry testId="4b36bde5-1634-b637-1274-9db56abb73ea" executionId="15231b26-a3d3-4dcb-a2cb-43a56e32c68e" testListId="8c84fa94-04c1-424b-9868-57a2d4851a1d" />
    <TestEntry testId="093088ff-49fe-0eb4-e67d-6dcd5abce771" executionId="db69b3bf-734b-4b2c-beec-e04570748b53" testListId="8c84fa94-04c1-424b-9868-57a2d4851a1d" />
    <TestEntry testId="0fa61d3e-5254-5fde-8e98-21822df23ec9" executionId="573e97bf-2c77-4416-bbe2-9afbce837084" testListId="8c84fa94-04c1-424b-9868-57a2d4851a1d" />
    <TestEntry testId="501e21f3-c0d5-23f0-7c2e-900ecdcbd731" executionId="a571c2aa-a4d4-4c3d-b744-86a90c5c19df" testListId="8c84fa94-04c1-424b-9868-57a2d4851a1d" />
    <TestEntry testId="8cc72e28-a1ed-9c16-5b96-95c58e5eb38e" executionId="97825e59-8a22-4f00-b4e3-8b956fbe3bbb" testListId="8c84fa94-04c1-424b-9868-57a2d4851a1d" />
    <TestEntry testId="c70b085f-3b53-80ae-a27f-3fb5b46cb87f" executionId="dcfe9f5f-3438-4347-a80b-71a4cebe7f49" testListId="8c84fa94-04c1-424b-9868-57a2d4851a1d" />
    <TestEntry testId="4bdc0b46-27ac-83e5-3d46-17ac595b19b8" executionId="9a8accd4-5816-4ead-8e9d-aead5daa84c3" testListId="8c84fa94-04c1-424b-9868-57a2d4851a1d" />
    <TestEntry testId="2e5ea59c-b775-b3b8-74fa-0d7e08c599af" executionId="957f6fb9-1952-489c-bafe-bf98be940b5a" testListId="8c84fa94-04c1-424b-9868-57a2d4851a1d" />
    <TestEntry testId="515e85d0-0ebd-1827-1b15-886fe112e87e" executionId="03febff8-1272-4042-bbac-cbaf737c68c1" testListId="8c84fa94-04c1-424b-9868-57a2d4851a1d" />
    <TestEntry testId="83630d20-91b5-7dcf-68d8-4666bff25a0d" executionId="caf7b11b-c233-4002-8a00-85f9e4dabb85" testListId="8c84fa94-04c1-424b-9868-57a2d4851a1d" />
    <TestEntry testId="031f6192-9900-c39b-99cf-002af668f41f" executionId="8e659a35-1c37-4aea-8a93-eb4ed8d9a8f2" testListId="8c84fa94-04c1-424b-9868-57a2d4851a1d" />
    <TestEntry testId="c3d8fd84-eed8-296d-d4b6-9107e7e64576" executionId="038f9828-b26f-40fb-9317-6bf32fd7f717" testListId="8c84fa94-04c1-424b-9868-57a2d4851a1d" />
  </TestEntries>
  <Results>
    <UnitTestResult executionId="6dc4e9a8-a246-4994-88df-fabcd56ba240" testId="f6cfbbed-3fd1-78f2-d5b2-89a3764926a4" testName="TestPropertyGetAndSetInternalInteger" computerName="DAVIDEBB-DEV10" duration="00:00:00.0429596" startTime="2010-01-18T16:55:16.1522875-08:00" endTime="2010-01-18T16:55:16.4335357-08:00" testType="13cdc9d9-ddb5-4fa4-a97d-d965ccfc6d4b" outcome="Passed" testListId="8c84fa94-04c1-424b-9868-57a2d4851a1d" relativeResultsDirectory="6dc4e9a8-a246-4994-88df-fabcd56ba240">
    </UnitTestResult>
    <UnitTestResult executionId="15231b26-a3d3-4dcb-a2cb-43a56e32c68e" testId="4b36bde5-1634-b637-1274-9db56abb73ea" testName="TestPropertyGetAndSetPublicBool" computerName="DAVIDEBB-DEV10" duration="00:00:00.0069318" startTime="2010-01-18T16:55:16.4335357-08:00" endTime="2010-01-18T16:55:16.4647855-08:00" testType="13cdc9d9-ddb5-4fa4-a97d-d965ccfc6d4b" outcome="Passed" testListId="8c84fa94-04c1-424b-9868-57a2d4851a1d" relativeResultsDirectory="15231b26-a3d3-4dcb-a2cb-43a56e32c68e">
    </UnitTestResult>
    <UnitTestResult executionId="db69b3bf-734b-4b2c-beec-e04570748b53" testId="093088ff-49fe-0eb4-e67d-6dcd5abce771" testName="TestPropertyGetAndSetPrivateString" computerName="DAVIDEBB-DEV10" duration="00:00:00.0055903" startTime="2010-01-18T16:55:16.4647855-08:00" endTime="2010-01-18T16:55:16.4804104-08:00" testType="13cdc9d9-ddb5-4fa4-a97d-d965ccfc6d4b" outcome="Passed" testListId="8c84fa94-04c1-424b-9868-57a2d4851a1d" relativeResultsDirectory="db69b3bf-734b-4b2c-beec-e04570748b53">
    </UnitTestResult>
    <UnitTestResult executionId="573e97bf-2c77-4416-bbe2-9afbce837084" testId="0fa61d3e-5254-5fde-8e98-21822df23ec9" testName="TestPrivateIntegerField" computerName="DAVIDEBB-DEV10" duration="00:00:00.0081018" startTime="2010-01-18T16:55:16.4804104-08:00" endTime="2010-01-18T16:55:16.4960353-08:00" testType="13cdc9d9-ddb5-4fa4-a97d-d965ccfc6d4b" outcome="Passed" testListId="8c84fa94-04c1-424b-9868-57a2d4851a1d" relativeResultsDirectory="573e97bf-2c77-4416-bbe2-9afbce837084">
    </UnitTestResult>
    <UnitTestResult executionId="a571c2aa-a4d4-4c3d-b744-86a90c5c19df" testId="501e21f3-c0d5-23f0-7c2e-900ecdcbd731" testName="TestOperatorOnIntegers" computerName="DAVIDEBB-DEV10" duration="00:00:00.0158813" startTime="2010-01-18T16:55:16.5116602-08:00" endTime="2010-01-18T16:55:16.5272851-08:00" testType="13cdc9d9-ddb5-4fa4-a97d-d965ccfc6d4b" outcome="Passed" testListId="8c84fa94-04c1-424b-9868-57a2d4851a1d" relativeResultsDirectory="a571c2aa-a4d4-4c3d-b744-86a90c5c19df">
    </UnitTestResult>
    <UnitTestResult executionId="97825e59-8a22-4f00-b4e3-8b956fbe3bbb" testId="8cc72e28-a1ed-9c16-5b96-95c58e5eb38e" testName="TestOperatorOnStrings" computerName="DAVIDEBB-DEV10" duration="00:00:00.0150971" startTime="2010-01-18T16:55:16.5272851-08:00" endTime="2010-01-18T16:55:16.5585349-08:00" testType="13cdc9d9-ddb5-4fa4-a97d-d965ccfc6d4b" outcome="Passed" testListId="8c84fa94-04c1-424b-9868-57a2d4851a1d" relativeResultsDirectory="97825e59-8a22-4f00-b4e3-8b956fbe3bbb">
    </UnitTestResult>
    <UnitTestResult executionId="dcfe9f5f-3438-4347-a80b-71a4cebe7f49" testId="c70b085f-3b53-80ae-a27f-3fb5b46cb87f" testName="TestMissingProperty" computerName="DAVIDEBB-DEV10" duration="00:00:00.0047668" startTime="2010-01-18T16:55:16.5585349-08:00" endTime="2010-01-18T16:55:16.5741598-08:00" testType="13cdc9d9-ddb5-4fa4-a97d-d965ccfc6d4b" outcome="Passed" testListId="8c84fa94-04c1-424b-9868-57a2d4851a1d" relativeResultsDirectory="dcfe9f5f-3438-4347-a80b-71a4cebe7f49">
    </UnitTestResult>
    <UnitTestResult executionId="9a8accd4-5816-4ead-8e9d-aead5daa84c3" testId="4bdc0b46-27ac-83e5-3d46-17ac595b19b8" testName="TestMethodCalls" computerName="DAVIDEBB-DEV10" duration="00:00:00.0280571" startTime="2010-01-18T16:55:16.5741598-08:00" endTime="2010-01-18T16:55:16.6054096-08:00" testType="13cdc9d9-ddb5-4fa4-a97d-d965ccfc6d4b" outcome="Passed" testListId="8c84fa94-04c1-424b-9868-57a2d4851a1d" relativeResultsDirectory="9a8accd4-5816-4ead-8e9d-aead5daa84c3">
    </UnitTestResult>
    <UnitTestResult executionId="957f6fb9-1952-489c-bafe-bf98be940b5a" testId="2e5ea59c-b775-b3b8-74fa-0d7e08c599af" testName="TestPropertyGetAndSetOnSubObject" computerName="DAVIDEBB-DEV10" duration="00:00:00.0075300" startTime="2010-01-18T16:55:16.6210345-08:00" endTime="2010-01-18T16:55:16.6210345-08:00" testType="13cdc9d9-ddb5-4fa4-a97d-d965ccfc6d4b" outcome="Passed" testListId="8c84fa94-04c1-424b-9868-57a2d4851a1d" relativeResultsDirectory="957f6fb9-1952-489c-bafe-bf98be940b5a">
    </UnitTestResult>
    <UnitTestResult executionId="03febff8-1272-4042-bbac-cbaf737c68c1" testId="515e85d0-0ebd-1827-1b15-886fe112e87e" testName="TestNullSubObject" computerName="DAVIDEBB-DEV10" duration="00:00:00.0043550" startTime="2010-01-18T16:55:16.6366594-08:00" endTime="2010-01-18T16:55:16.6522843-08:00" testType="13cdc9d9-ddb5-4fa4-a97d-d965ccfc6d4b" outcome="Passed" testListId="8c84fa94-04c1-424b-9868-57a2d4851a1d" relativeResultsDirectory="03febff8-1272-4042-bbac-cbaf737c68c1">
    </UnitTestResult>
    <UnitTestResult executionId="caf7b11b-c233-4002-8a00-85f9e4dabb85" testId="83630d20-91b5-7dcf-68d8-4666bff25a0d" testName="TestIndexedProperty" computerName="DAVIDEBB-DEV10" duration="00:00:00.0114212" startTime="2010-01-18T16:55:16.6522843-08:00" endTime="2010-01-18T16:55:16.6679092-08:00" testType="13cdc9d9-ddb5-4fa4-a97d-d965ccfc6d4b" outcome="Passed" testListId="8c84fa94-04c1-424b-9868-57a2d4851a1d" relativeResultsDirectory="caf7b11b-c233-4002-8a00-85f9e4dabb85">
    </UnitTestResult>
    <UnitTestResult executionId="8e659a35-1c37-4aea-8a93-eb4ed8d9a8f2" testId="031f6192-9900-c39b-99cf-002af668f41f" testName="TestDictionaryAccess" computerName="DAVIDEBB-DEV10" duration="00:00:00.0181861" startTime="2010-01-18T16:55:16.6679092-08:00" endTime="2010-01-18T16:55:16.7147839-08:00" testType="13cdc9d9-ddb5-4fa4-a97d-d965ccfc6d4b" outcome="Passed" testListId="8c84fa94-04c1-424b-9868-57a2d4851a1d" relativeResultsDirectory="8e659a35-1c37-4aea-8a93-eb4ed8d9a8f2">
    </UnitTestResult>
    <UnitTestResult executionId="038f9828-b26f-40fb-9317-6bf32fd7f717" testId="c3d8fd84-eed8-296d-d4b6-9107e7e64576" testName="TestMiscSystemWebCode" computerName="DAVIDEBB-DEV10" duration="00:00:00.0587359" startTime="2010-01-18T16:55:16.7147839-08:00" endTime="2010-01-18T16:55:16.7616586-08:00" testType="13cdc9d9-ddb5-4fa4-a97d-d965ccfc6d4b" outcome="Passed" testListId="8c84fa94-04c1-424b-9868-57a2d4851a1d" relativeResultsDirectory="038f9828-b26f-40fb-9317-6bf32fd7f717">
    </UnitTestResult>
  </Results>
</TestRun>