<?xml version="1.0" encoding="UTF-8"?>
<TestRun id="8c90c237-ce95-4ee0-9f15-5136dff8f5d9" name="davidebb@DAVIDEBB-DEV10 2010-01-18 16:39:04" runUser="REDMOND\davidebb" xmlns="http://microsoft.com/schemas/VisualStudio/TeamTest/2010">
  <TestSettings name="Local" id="b2b2f6e3-bc8e-490c-9424-70eba3716a9e">
    <Description>These are default test settings for a local test run.</Description>
    <Deployment enabled="false" runDeploymentRoot="davidebb_DAVIDEBB-DEV10 2010-01-18 16_39_04" />
    <Execution>
      <TestTypeSpecific />
      <AgentRule name="Execution Agents">
      </AgentRule>
    </Execution>
  </TestSettings>
  <Times creation="2010-01-18T16:39:04.0538042-08:00" queuing="2010-01-18T16:39:06.4452527-08:00" start="2010-01-18T16:39:06.7342967-08:00" finish="2010-01-18T16:39:34.0391897-08:00" />
  <ResultSummary outcome="Completed">
    <Counters total="1" executed="1" passed="1" error="0" failed="0" timeout="0" aborted="0" inconclusive="0" passedButRunAborted="0" notRunnable="0" notExecuted="0" disconnected="0" warning="0" completed="0" inProgress="0" pending="0" />
  </ResultSummary>
  <TestDefinitions>
    <UnitTest name="TestMiscSystemWebCode" storage="d:\dd\personal\davidebb\privatereflectionusingdynamic\privatereflectionusingdynamictests\bin\debug\privatereflectionusingdynamictests.dll" id="c3d8fd84-eed8-296d-d4b6-9107e7e64576">
      <Execution id="4b1404b4-feb6-4902-83ba-7cfb20853c81" />
      <TestMethod codeBase="D:/dd/Personal/davidebb/PrivateReflectionUsingDynamic/PrivateReflectionUsingDynamicTests/bin/Debug/PrivateReflectionUsingDynamicTests.DLL" adapterTypeName="Microsoft.VisualStudio.TestTools.TestTypes.Unit.UnitTestAdapter, Microsoft.VisualStudio.QualityTools.Tips.UnitTest.Adapter, Version=10.0.0.0, Culture=neutral, PublicKeyToken=b03f5f7f11d50a3a" className="PrivateReflectionUsingDynamicTests.UnitTest, PrivateReflectionUsingDynamicTests, Version=1.0.0.0, Culture=neutral, PublicKeyToken=null" name="TestMiscSystemWebCode" />
    </UnitTest>
  </TestDefinitions>
  <TestLists>
    <TestList name="Results Not in a List" id="8c84fa94-04c1-424b-9868-57a2d4851a1d" />
    <TestList name="All Loaded Results" id="19431567-8539-422a-85d7-44ee4e166bda" />
  </TestLists>
  <TestEntries>
    <TestEntry testId="c3d8fd84-eed8-296d-d4b6-9107e7e64576" executionId="4b1404b4-feb6-4902-83ba-7cfb20853c81" testListId="8c84fa94-04c1-424b-9868-57a2d4851a1d" />
  </TestEntries>
  <Results>
    <UnitTestResult executionId="4b1404b4-feb6-4902-83ba-7cfb20853c81" testId="c3d8fd84-eed8-296d-d4b6-9107e7e64576" testName="TestMiscSystemWebCode" computerName="DAVIDEBB-DEV10" duration="00:00:25.7574230" startTime="2010-01-18T16:39:06.8993252-08:00" endTime="2010-01-18T16:39:33.8448662-08:00" testType="13cdc9d9-ddb5-4fa4-a97d-d965ccfc6d4b" outcome="Passed" testListId="8c84fa94-04c1-424b-9868-57a2d4851a1d" relativeResultsDirectory="4b1404b4-feb6-4902-83ba-7cfb20853c81">
    </UnitTestResult>
  </Results>
</TestRun>