<?xml version="1.0" encoding="UTF-8"?>
<TestRun id="a9e25074-ef3c-41da-b712-de699f2bc586" name="davidebb@DAVIDEBB-DEV10 2010-01-18 16:55:54" runUser="REDMOND\davidebb" xmlns="http://microsoft.com/schemas/VisualStudio/TeamTest/2010">
  <TestSettings name="Local" id="b2b2f6e3-bc8e-490c-9424-70eba3716a9e">
    <Description>These are default test settings for a local test run.</Description>
    <Deployment enabled="false" runDeploymentRoot="davidebb_DAVIDEBB-DEV10 2010-01-18 16_55_54" />
    <Execution>
      <TestTypeSpecific />
      <AgentRule name="Execution Agents">
      </AgentRule>
    </Execution>
  </TestSettings>
  <Times creation="2010-01-18T16:55:54.1209457-08:00" queuing="2010-01-18T16:55:54.1209457-08:00" start="2010-01-18T16:55:54.1521953-08:00" finish="2010-01-18T16:55:54.8553113-08:00" />
  <ResultSummary outcome="Failed">
    <Counters total="13" executed="13" passed="12" error="0" failed="1" timeout="0" aborted="0" inconclusive="0" passedButRunAborted="0" notRunnable="0" notExecuted="0" disconnected="0" warning="0" completed="0" inProgress="0" pending="0" />
  </ResultSummary>
  <TestDefinitions>
    <UnitTest name="TestPropertyGetAndSetPrivateString" storage="d:\dd\personal\davidebb\privatereflectionusingdynamic\privatereflectionusingdynamictests\bin\debug\privatereflectionusingdynamictests.dll" id="093088ff-49fe-0eb4-e67d-6dcd5abce771">
      <Execution id="0525b484-477a-4311-8ec2-92d8994d0182" />
      <TestMethod codeBase="D:/dd/Personal/davidebb/PrivateReflectionUsingDynamic/PrivateReflectionUsingDynamicTests/bin/Debug/PrivateReflectionUsingDynamicTests.DLL" adapterTypeName="Microsoft.VisualStudio.TestTools.TestTypes.Unit.UnitTestAdapter, Microsoft.VisualStudio.QualityTools.Tips.UnitTest.Adapter, Version=10.0.0.0, Culture=neutral, PublicKeyToken=b03f5f7f11d50a3a" className="PrivateReflectionUsingDynamicTests.UnitTest, PrivateReflectionUsingDynamicTests, Version=1.0.0.0, Culture=neutral, PublicKeyToken=null" name="TestPropertyGetAndSetPrivateString" />
    </UnitTest>
    <UnitTest name="TestMiscSystemWebCode" storage="d:\dd\personal\davidebb\privatereflectionusingdynamic\privatereflectionusingdynamictests\bin\debug\privatereflectionusingdynamictests.dll" id="c3d8fd84-eed8-296d-d4b6-9107e7e64576">
      <Execution id="b9210b0d-c7e2-48f5-a3b2-188f02409fd1" />
      <TestMethod codeBase="D:/dd/Personal/davidebb/PrivateReflectionUsingDynamic/PrivateReflectionUsingDynamicTests/bin/Debug/PrivateReflectionUsingDynamicTests.DLL" adapterTypeName="Microsoft.VisualStudio.TestTools.TestTypes.Unit.UnitTestAdapter, Microsoft.VisualStudio.QualityTools.Tips.UnitTest.Adapter, Version=10.0.0.0, Culture=neutral, PublicKeyToken=b03f5f7f11d50a3a" className="PrivateReflectionUsingDynamicTests.UnitTest, PrivateReflectionUsingDynamicTests, Version=1.0.0.0, Culture=neutral, PublicKeyToken=null" name="TestMiscSystemWebCode" />
    </UnitTest>
    <UnitTest name="TestPropertyGetAndSetOnSubObject" storage="d:\dd\personal\davidebb\privatereflectionusingdynamic\privatereflectionusingdynamictests\bin\debug\privatereflectionusingdynamictests.dll" id="2e5ea59c-b775-b3b8-74fa-0d7e08c599af">
      <Execution id="905bd47f-2ece-42fe-9089-848ee740e5f5" />
      <TestMethod codeBase="D:/dd/Personal/davidebb/PrivateReflectionUsingDynamic/PrivateReflectionUsingDynamicTests/bin/Debug/PrivateReflectionUsingDynamicTests.DLL" adapterTypeName="Microsoft.VisualStudio.TestTools.TestTypes.Unit.UnitTestAdapter, Microsoft.VisualStudio.QualityTools.Tips.UnitTest.Adapter, Version=10.0.0.0, Culture=neutral, PublicKeyToken=b03f5f7f11d50a3a" className="PrivateReflectionUsingDynamicTests.UnitTest, PrivateReflectionUsingDynamicTests, Version=1.0.0.0, Culture=neutral, PublicKeyToken=null" name="TestPropertyGetAndSetOnSubObject" />
    </UnitTest>
    <UnitTest name="TestIndexedProperty" storage="d:\dd\personal\davidebb\privatereflectionusingdynamic\privatereflectionusingdynamictests\bin\debug\privatereflectionusingdynamictests.dll" id="83630d20-91b5-7dcf-68d8-4666bff25a0d">
      <Execution id="563b7cdc-3355-47a1-8d25-cc2c11e6a02e" />
      <TestMethod codeBase="D:/dd/Personal/davidebb/PrivateReflectionUsingDynamic/PrivateReflectionUsingDynamicTests/bin/Debug/PrivateReflectionUsingDynamicTests.DLL" adapterTypeName="Microsoft.VisualStudio.TestTools.TestTypes.Unit.UnitTestAdapter, Microsoft.VisualStudio.QualityTools.Tips.UnitTest.Adapter, Version=10.0.0.0, Culture=neutral, PublicKeyToken=b03f5f7f11d50a3a" className="PrivateReflectionUsingDynamicTests.UnitTest, PrivateReflectionUsingDynamicTests, Version=1.0.0.0, Culture=neutral, PublicKeyToken=null" name="TestIndexedProperty" />
    </UnitTest>
    <UnitTest name="TestNullSubObject" storage="d:\dd\personal\davidebb\privatereflectionusingdynamic\privatereflectionusingdynamictests\bin\debug\privatereflectionusingdynamictests.dll" id="515e85d0-0ebd-1827-1b15-886fe112e87e">
      <Execution id="65afbe7a-edf5-4dc2-b84c-f14a7bc31f9b" />
      <TestMethod codeBase="D:/dd/Personal/davidebb/PrivateReflectionUsingDynamic/PrivateReflectionUsingDynamicTests/bin/Debug/PrivateReflectionUsingDynamicTests.DLL" adapterTypeName="Microsoft.VisualStudio.TestTools.TestTypes.Unit.UnitTestAdapter, Microsoft.VisualStudio.QualityTools.Tips.UnitTest.Adapter, Version=10.0.0.0, Culture=neutral, PublicKeyToken=b03f5f7f11d50a3a" className="PrivateReflectionUsingDynamicTests.UnitTest, PrivateReflectionUsingDynamicTests, Version=1.0.0.0, Culture=neutral, PublicKeyToken=null" name="TestNullSubObject" />
    </UnitTest>
    <UnitTest name="TestOperatorOnStrings" storage="d:\dd\personal\davidebb\privatereflectionusingdynamic\privatereflectionusingdynamictests\bin\debug\privatereflectionusingdynamictests.dll" id="8cc72e28-a1ed-9c16-5b96-95c58e5eb38e">
      <Execution id="48d0f24d-df7f-482b-b6d0-9e6b045b8a2a" />
      <TestMethod codeBase="D:/dd/Personal/davidebb/PrivateReflectionUsingDynamic/PrivateReflectionUsingDynamicTests/bin/Debug/PrivateReflectionUsingDynamicTests.DLL" adapterTypeName="Microsoft.VisualStudio.TestTools.TestTypes.Unit.UnitTestAdapter, Microsoft.VisualStudio.QualityTools.Tips.UnitTest.Adapter, Version=10.0.0.0, Culture=neutral, PublicKeyToken=b03f5f7f11d50a3a" className="PrivateReflectionUsingDynamicTests.UnitTest, PrivateReflectionUsingDynamicTests, Version=1.0.0.0, Culture=neutral, PublicKeyToken=null" name="TestOperatorOnStrings" />
    </UnitTest>
    <UnitTest name="TestOperatorOnIntegers" storage="d:\dd\personal\davidebb\privatereflectionusingdynamic\privatereflectionusingdynamictests\bin\debug\privatereflectionusingdynamictests.dll" id="501e21f3-c0d5-23f0-7c2e-900ecdcbd731">
      <Execution id="04127245-5e9a-4ee0-88d8-7cdebe963625" />
      <TestMethod codeBase="D:/dd/Personal/davidebb/PrivateReflectionUsingDynamic/PrivateReflectionUsingDynamicTests/bin/Debug/PrivateReflectionUsingDynamicTests.DLL" adapterTypeName="Microsoft.VisualStudio.TestTools.TestTypes.Unit.UnitTestAdapter, Microsoft.VisualStudio.QualityTools.Tips.UnitTest.Adapter, Version=10.0.0.0, Culture=neutral, PublicKeyToken=b03f5f7f11d50a3a" className="PrivateReflectionUsingDynamicTests.UnitTest, PrivateReflectionUsingDynamicTests, Version=1.0.0.0, Culture=neutral, PublicKeyToken=null" name="TestOperatorOnIntegers" />
    </UnitTest>
    <UnitTest name="TestPropertyGetAndSetPublicBool" storage="d:\dd\personal\davidebb\privatereflectionusingdynamic\privatereflectionusingdynamictests\bin\debug\privatereflectionusingdynamictests.dll" id="4b36bde5-1634-b637-1274-9db56abb73ea">
      <Execution id="b833d015-6c34-492b-a6b6-930b46682e66" />
      <TestMethod codeBase="D:/dd/Personal/davidebb/PrivateReflectionUsingDynamic/PrivateReflectionUsingDynamicTests/bin/Debug/PrivateReflectionUsingDynamicTests.DLL" adapterTypeName="Microsoft.VisualStudio.TestTools.TestTypes.Unit.UnitTestAdapter, Microsoft.VisualStudio.QualityTools.Tips.UnitTest.Adapter, Version=10.0.0.0, Culture=neutral, PublicKeyToken=b03f5f7f11d50a3a" className="PrivateReflectionUsingDynamicTests.UnitTest, PrivateReflectionUsingDynamicTests, Version=1.0.0.0, Culture=neutral, PublicKeyToken=null" name="TestPropertyGetAndSetPublicBool" />
    </UnitTest>
    <UnitTest name="TestMissingProperty" storage="d:\dd\personal\davidebb\privatereflectionusingdynamic\privatereflectionusingdynamictests\bin\debug\privatereflectionusingdynamictests.dll" id="c70b085f-3b53-80ae-a27f-3fb5b46cb87f">
      <Execution id="a997602a-fef6-438f-9f08-f9972a87f5c5" />
      <TestMethod codeBase="D:/dd/Personal/davidebb/PrivateReflectionUsingDynamic/PrivateReflectionUsingDynamicTests/bin/Debug/PrivateReflectionUsingDynamicTests.DLL" adapterTypeName="Microsoft.VisualStudio.TestTools.TestTypes.Unit.UnitTestAdapter, Microsoft.VisualStudio.QualityTools.Tips.UnitTest.Adapter, Version=10.0.0.0, Culture=neutral, PublicKeyToken=b03f5f7f11d50a3a" className="PrivateReflectionUsingDynamicTests.UnitTest, PrivateReflectionUsingDynamicTests, Version=1.0.0.0, Culture=neutral, PublicKeyToken=null" name="TestMissingProperty" />
    </UnitTest>
    <UnitTest name="TestPropertyGetAndSetInternalInteger" storage="d:\dd\personal\davidebb\privatereflectionusingdynamic\privatereflectionusingdynamictests\bin\debug\privatereflectionusingdynamictests.dll" id="f6cfbbed-3fd1-78f2-d5b2-89a3764926a4">
      <Execution id="8ae406b5-d00d-4357-80af-46d06666ae32" />
      <TestMethod codeBase="D:/dd/Personal/davidebb/PrivateReflectionUsingDynamic/PrivateReflectionUsingDynamicTests/bin/Debug/PrivateReflectionUsingDynamicTests.DLL" adapterTypeName="Microsoft.VisualStudio.TestTools.TestTypes.Unit.UnitTestAdapter, Microsoft.VisualStudio.QualityTools.Tips.UnitTest.Adapter, Version=10.0.0.0, Culture=neutral, PublicKeyToken=b03f5f7f11d50a3a" className="PrivateReflectionUsingDynamicTests.UnitTest, PrivateReflectionUsingDynamicTests, Version=1.0.0.0, Culture=neutral, PublicKeyToken=null" name="TestPropertyGetAndSetInternalInteger" />
    </UnitTest>
    <UnitTest name="TestMethodCalls" storage="d:\dd\personal\davidebb\privatereflectionusingdynamic\privatereflectionusingdynamictests\bin\debug\privatereflectionusingdynamictests.dll" id="4bdc0b46-27ac-83e5-3d46-17ac595b19b8">
      <Execution id="5c61fcb0-a90a-440e-a4b0-6b79ad05233e" />
      <TestMethod codeBase="D:/dd/Personal/davidebb/PrivateReflectionUsingDynamic/PrivateReflectionUsingDynamicTests/bin/Debug/PrivateReflectionUsingDynamicTests.DLL" adapterTypeName="Microsoft.VisualStudio.TestTools.TestTypes.Unit.UnitTestAdapter, Microsoft.VisualStudio.QualityTools.Tips.UnitTest.Adapter, Version=10.0.0.0, Culture=neutral, PublicKeyToken=b03f5f7f11d50a3a" className="PrivateReflectionUsingDynamicTests.UnitTest, PrivateReflectionUsingDynamicTests, Version=1.0.0.0, Culture=neutral, PublicKeyToken=null" name="TestMethodCalls" />
    </UnitTest>
    <UnitTest name="TestPrivateIntegerField" storage="d:\dd\personal\davidebb\privatereflectionusingdynamic\privatereflectionusingdynamictests\bin\debug\privatereflectionusingdynamictests.dll" id="0fa61d3e-5254-5fde-8e98-21822df23ec9">
      <Execution id="5be69b8f-eea5-4362-83d0-e106db04737c" />
      <TestMethod codeBase="D:/dd/Personal/davidebb/PrivateReflectionUsingDynamic/PrivateReflectionUsingDynamicTests/bin/Debug/PrivateReflectionUsingDynamicTests.DLL" adapterTypeName="Microsoft.VisualStudio.TestTools.TestTypes.Unit.UnitTestAdapter, Microsoft.VisualStudio.QualityTools.Tips.UnitTest.Adapter, Version=10.0.0.0, Culture=neutral, PublicKeyToken=b03f5f7f11d50a3a" className="PrivateReflectionUsingDynamicTests.UnitTest, PrivateReflectionUsingDynamicTests, Version=1.0.0.0, Culture=neutral, PublicKeyToken=null" name="TestPrivateIntegerField" />
    </UnitTest>
    <UnitTest name="TestDictionaryAccess" storage="d:\dd\personal\davidebb\privatereflectionusingdynamic\privatereflectionusingdynamictests\bin\debug\privatereflectionusingdynamictests.dll" id="031f6192-9900-c39b-99cf-002af668f41f">
      <Execution id="e3453813-e73f-4a1e-97a8-4c0b9d1cf70a" />
      <TestMethod codeBase="D:/dd/Personal/davidebb/PrivateReflectionUsingDynamic/PrivateReflectionUsingDynamicTests/bin/Debug/PrivateReflectionUsingDynamicTests.DLL" adapterTypeName="Microsoft.VisualStudio.TestTools.TestTypes.Unit.UnitTestAdapter, Microsoft.VisualStudio.QualityTools.Tips.UnitTest.Adapter, Version=10.0.0.0, Culture=neutral, PublicKeyToken=b03f5f7f11d50a3a" className="PrivateReflectionUsingDynamicTests.UnitTest, PrivateReflectionUsingDynamicTests, Version=1.0.0.0, Culture=neutral, PublicKeyToken=null" name="TestDictionaryAccess" />
    </UnitTest>
  </TestDefinitions>
  <TestLists>
    <TestList name="Results Not in a List" id="8c84fa94-04c1-424b-9868-57a2d4851a1d" />
    <TestList name="All Loaded Results" id="19431567-8539-422a-85d7-44ee4e166bda" />
  </TestLists>
  <TestEntries>
    <TestEntry testId="f6cfbbed-3fd1-78f2-d5b2-89a3764926a4" executionId="8ae406b5-d00d-4357-80af-46d06666ae32" testListId="8c84fa94-04c1-424b-9868-57a2d4851a1d" />
    <TestEntry testId="4b36bde5-1634-b637-1274-9db56abb73ea" executionId="b833d015-6c34-492b-a6b6-930b46682e66" testListId="8c84fa94-04c1-424b-9868-57a2d4851a1d" />
    <TestEntry testId="093088ff-49fe-0eb4-e67d-6dcd5abce771" executionId="0525b484-477a-4311-8ec2-92d8994d0182" testListId="8c84fa94-04c1-424b-9868-57a2d4851a1d" />
    <TestEntry testId="0fa61d3e-5254-5fde-8e98-21822df23ec9" executionId="5be69b8f-eea5-4362-83d0-e106db04737c" testListId="8c84fa94-04c1-424b-9868-57a2d4851a1d" />
    <TestEntry testId="501e21f3-c0d5-23f0-7c2e-900ecdcbd731" executionId="04127245-5e9a-4ee0-88d8-7cdebe963625" testListId="8c84fa94-04c1-424b-9868-57a2d4851a1d" />
    <TestEntry testId="8cc72e28-a1ed-9c16-5b96-95c58e5eb38e" executionId="48d0f24d-df7f-482b-b6d0-9e6b045b8a2a" testListId="8c84fa94-04c1-424b-9868-57a2d4851a1d" />
    <TestEntry testId="c70b085f-3b53-80ae-a27f-3fb5b46cb87f" executionId="a997602a-fef6-438f-9f08-f9972a87f5c5" testListId="8c84fa94-04c1-424b-9868-57a2d4851a1d" />
    <TestEntry testId="4bdc0b46-27ac-83e5-3d46-17ac595b19b8" executionId="5c61fcb0-a90a-440e-a4b0-6b79ad05233e" testListId="8c84fa94-04c1-424b-9868-57a2d4851a1d" />
    <TestEntry testId="2e5ea59c-b775-b3b8-74fa-0d7e08c599af" executionId="905bd47f-2ece-42fe-9089-848ee740e5f5" testListId="8c84fa94-04c1-424b-9868-57a2d4851a1d" />
    <TestEntry testId="515e85d0-0ebd-1827-1b15-886fe112e87e" executionId="65afbe7a-edf5-4dc2-b84c-f14a7bc31f9b" testListId="8c84fa94-04c1-424b-9868-57a2d4851a1d" />
    <TestEntry testId="83630d20-91b5-7dcf-68d8-4666bff25a0d" executionId="563b7cdc-3355-47a1-8d25-cc2c11e6a02e" testListId="8c84fa94-04c1-424b-9868-57a2d4851a1d" />
    <TestEntry testId="031f6192-9900-c39b-99cf-002af668f41f" executionId="e3453813-e73f-4a1e-97a8-4c0b9d1cf70a" testListId="8c84fa94-04c1-424b-9868-57a2d4851a1d" />
    <TestEntry testId="c3d8fd84-eed8-296d-d4b6-9107e7e64576" executionId="b9210b0d-c7e2-48f5-a3b2-188f02409fd1" testListId="8c84fa94-04c1-424b-9868-57a2d4851a1d" />
  </TestEntries>
  <Results>
    <UnitTestResult executionId="8ae406b5-d00d-4357-80af-46d06666ae32" testId="f6cfbbed-3fd1-78f2-d5b2-89a3764926a4" testName="TestPropertyGetAndSetInternalInteger" computerName="DAVIDEBB-DEV10" duration="00:00:00.0479711" startTime="2010-01-18T16:55:54.1678201-08:00" endTime="2010-01-18T16:55:54.4646913-08:00" testType="13cdc9d9-ddb5-4fa4-a97d-d965ccfc6d4b" outcome="Passed" testListId="8c84fa94-04c1-424b-9868-57a2d4851a1d" relativeResultsDirectory="8ae406b5-d00d-4357-80af-46d06666ae32">
    </UnitTestResult>
    <UnitTestResult executionId="b833d015-6c34-492b-a6b6-930b46682e66" testId="4b36bde5-1634-b637-1274-9db56abb73ea" testName="TestPropertyGetAndSetPublicBool" computerName="DAVIDEBB-DEV10" duration="00:00:00.0164548" startTime="2010-01-18T16:55:54.4803161-08:00" endTime="2010-01-18T16:55:54.4959409-08:00" testType="13cdc9d9-ddb5-4fa4-a97d-d965ccfc6d4b" outcome="Passed" testListId="8c84fa94-04c1-424b-9868-57a2d4851a1d" relativeResultsDirectory="b833d015-6c34-492b-a6b6-930b46682e66">
    </UnitTestResult>
    <UnitTestResult executionId="0525b484-477a-4311-8ec2-92d8994d0182" testId="093088ff-49fe-0eb4-e67d-6dcd5abce771" testName="TestPropertyGetAndSetPrivateString" computerName="DAVIDEBB-DEV10" duration="00:00:00.0051439" startTime="2010-01-18T16:55:54.4959409-08:00" endTime="2010-01-18T16:55:54.5115657-08:00" testType="13cdc9d9-ddb5-4fa4-a97d-d965ccfc6d4b" outcome="Passed" testListId="8c84fa94-04c1-424b-9868-57a2d4851a1d" relativeResultsDirectory="0525b484-477a-4311-8ec2-92d8994d0182">
    </UnitTestResult>
    <UnitTestResult executionId="5be69b8f-eea5-4362-83d0-e106db04737c" testId="0fa61d3e-5254-5fde-8e98-21822df23ec9" testName="TestPrivateIntegerField" computerName="DAVIDEBB-DEV10" duration="00:00:00.0094106" startTime="2010-01-18T16:55:54.5271905-08:00" endTime="2010-01-18T16:55:54.5428153-08:00" testType="13cdc9d9-ddb5-4fa4-a97d-d965ccfc6d4b" outcome="Passed" testListId="8c84fa94-04c1-424b-9868-57a2d4851a1d" relativeResultsDirectory="5be69b8f-eea5-4362-83d0-e106db04737c">
    </UnitTestResult>
    <UnitTestResult executionId="04127245-5e9a-4ee0-88d8-7cdebe963625" testId="501e21f3-c0d5-23f0-7c2e-900ecdcbd731" testName="TestOperatorOnIntegers" computerName="DAVIDEBB-DEV10" duration="00:00:00.0077453" startTime="2010-01-18T16:55:54.5428153-08:00" endTime="2010-01-18T16:55:54.5584401-08:00" testType="13cdc9d9-ddb5-4fa4-a97d-d965ccfc6d4b" outcome="Passed" testListId="8c84fa94-04c1-424b-9868-57a2d4851a1d" relativeResultsDirectory="04127245-5e9a-4ee0-88d8-7cdebe963625">
    </UnitTestResult>
    <UnitTestResult executionId="48d0f24d-df7f-482b-b6d0-9e6b045b8a2a" testId="8cc72e28-a1ed-9c16-5b96-95c58e5eb38e" testName="TestOperatorOnStrings" computerName="DAVIDEBB-DEV10" duration="00:00:00.0137760" startTime="2010-01-18T16:55:54.5584401-08:00" endTime="2010-01-18T16:55:54.5896897-08:00" testType="13cdc9d9-ddb5-4fa4-a97d-d965ccfc6d4b" outcome="Passed" testListId="8c84fa94-04c1-424b-9868-57a2d4851a1d" relativeResultsDirectory="48d0f24d-df7f-482b-b6d0-9e6b045b8a2a">
    </UnitTestResult>
    <UnitTestResult executionId="a997602a-fef6-438f-9f08-f9972a87f5c5" testId="c70b085f-3b53-80ae-a27f-3fb5b46cb87f" testName="TestMissingProperty" computerName="DAVIDEBB-DEV10" duration="00:00:00.0152471" startTime="2010-01-18T16:55:54.5896897-08:00" endTime="2010-01-18T16:55:54.6209393-08:00" testType="13cdc9d9-ddb5-4fa4-a97d-d965ccfc6d4b" outcome="Passed" testListId="8c84fa94-04c1-424b-9868-57a2d4851a1d" relativeResultsDirectory="a997602a-fef6-438f-9f08-f9972a87f5c5">
    </UnitTestResult>
    <UnitTestResult executionId="5c61fcb0-a90a-440e-a4b0-6b79ad05233e" testId="4bdc0b46-27ac-83e5-3d46-17ac595b19b8" testName="TestMethodCalls" computerName="DAVIDEBB-DEV10" duration="00:00:00.0249355" startTime="2010-01-18T16:55:54.6209393-08:00" endTime="2010-01-18T16:55:54.6521889-08:00" testType="13cdc9d9-ddb5-4fa4-a97d-d965ccfc6d4b" outcome="Passed" testListId="8c84fa94-04c1-424b-9868-57a2d4851a1d" relativeResultsDirectory="5c61fcb0-a90a-440e-a4b0-6b79ad05233e">
    </UnitTestResult>
    <UnitTestResult executionId="905bd47f-2ece-42fe-9089-848ee740e5f5" testId="2e5ea59c-b775-b3b8-74fa-0d7e08c599af" testName="TestPropertyGetAndSetOnSubObject" computerName="DAVIDEBB-DEV10" duration="00:00:00.0071106" startTime="2010-01-18T16:55:54.6521889-08:00" endTime="2010-01-18T16:55:54.6678137-08:00" testType="13cdc9d9-ddb5-4fa4-a97d-d965ccfc6d4b" outcome="Passed" testListId="8c84fa94-04c1-424b-9868-57a2d4851a1d" relativeResultsDirectory="905bd47f-2ece-42fe-9089-848ee740e5f5">
    </UnitTestResult>
    <UnitTestResult executionId="65afbe7a-edf5-4dc2-b84c-f14a7bc31f9b" testId="515e85d0-0ebd-1827-1b15-886fe112e87e" testName="TestNullSubObject" computerName="DAVIDEBB-DEV10" duration="00:00:00.0114807" startTime="2010-01-18T16:55:54.6678137-08:00" endTime="2010-01-18T16:55:54.6990633-08:00" testType="13cdc9d9-ddb5-4fa4-a97d-d965ccfc6d4b" outcome="Passed" testListId="8c84fa94-04c1-424b-9868-57a2d4851a1d" relativeResultsDirectory="65afbe7a-edf5-4dc2-b84c-f14a7bc31f9b">
    </UnitTestResult>
    <UnitTestResult executionId="563b7cdc-3355-47a1-8d25-cc2c11e6a02e" testId="83630d20-91b5-7dcf-68d8-4666bff25a0d" testName="TestIndexedProperty" computerName="DAVIDEBB-DEV10" duration="00:00:00.0100356" startTime="2010-01-18T16:55:54.6990633-08:00" endTime="2010-01-18T16:55:54.6990633-08:00" testType="13cdc9d9-ddb5-4fa4-a97d-d965ccfc6d4b" outcome="Passed" testListId="8c84fa94-04c1-424b-9868-57a2d4851a1d" relativeResultsDirectory="563b7cdc-3355-47a1-8d25-cc2c11e6a02e">
    </UnitTestResult>
    <UnitTestResult executionId="e3453813-e73f-4a1e-97a8-4c0b9d1cf70a" testId="031f6192-9900-c39b-99cf-002af668f41f" testName="TestDictionaryAccess" computerName="DAVIDEBB-DEV10" duration="00:00:00.0152597" startTime="2010-01-18T16:55:54.6990633-08:00" endTime="2010-01-18T16:55:54.7303129-08:00" testType="13cdc9d9-ddb5-4fa4-a97d-d965ccfc6d4b" outcome="Passed" testListId="8c84fa94-04c1-424b-9868-57a2d4851a1d" relativeResultsDirectory="e3453813-e73f-4a1e-97a8-4c0b9d1cf70a">
    </UnitTestResult>
    <UnitTestResult executionId="b9210b0d-c7e2-48f5-a3b2-188f02409fd1" testId="c3d8fd84-eed8-296d-d4b6-9107e7e64576" testName="TestMiscSystemWebCode" computerName="DAVIDEBB-DEV10" duration="00:00:00.0425414" startTime="2010-01-18T16:55:54.7303129-08:00" endTime="2010-01-18T16:55:54.7928121-08:00" testType="13cdc9d9-ddb5-4fa4-a97d-d965ccfc6d4b" outcome="Failed" testListId="8c84fa94-04c1-424b-9868-57a2d4851a1d" relativeResultsDirectory="b9210b0d-c7e2-48f5-a3b2-188f02409fd1">
      <Output>
        <ErrorInfo>
          <Message>Test method PrivateReflectionUsingDynamicTests.UnitTest.TestMiscSystemWebCode threw exception: 
System.ArgumentException: The property page doesn't exist on type System.Web.UI.Control. Supported properties are: _cachedPredictableID, _cachedUniqueID, _controls, _controlState, _events, _id, _namingContainer, _occasionalFields, _page, _parent, _viewState, Adapter, AdapterInternal, AppRelativeTemplateSourceDirectory, BindingContainer, ChildControlsCreated, ClientID, ClientIDMode, ClientIDModeValue, ClientIDSeparator, Context, Controls, ControlState, DataItemContainer, DataKeysContainer, DesignMode, EffectiveClientIDMode, EffectiveClientIDModeValue, EnableLegacyRendering, EnableTheming, EnableViewState, Events, flags, HasChildViewState, ID, IdSeparator, IdSeparatorFromConfig, IsBindingContainer, IsChildControlStateCleared, IsParentedToUpdatePanel, IsReloadable, IsTrackingViewState, IsViewStateEnabled, LoadViewStateByID, NamingContainer, OwnerControl, Page, Parent, PostBackDataHandler, PostBackEventHandler, PredictableClientID, RareFields, RareFieldsEnsured, RenderingCompatibility, RouteCollection, RuntimeConfig, Site, SkinID, SpacerImageUrl, StaticClientID, SupportsEventValidation, System.Web.UI.IControlBuilderAccessor.ControlBuilder, System.Web.UI.IControlDesignerAccessor.UserData, System.Web.UI.IDataBindingsAccessor.DataBindings, System.Web.UI.IDataBindingsAccessor.HasDataBindings, System.Web.UI.IExpressionsAccessor.Expressions, System.Web.UI.IExpressionsAccessor.HasExpressions, TemplateControl, TemplateControlVirtualDirectory, TemplateSourceDirectory, UniqueClientID, UniqueID, ViewState, ViewStateIgnoresCase, ViewStateMode, Visible</Message>
          <StackTrace>    at PrivateReflectionUsingDynamic.PrivateReflectionDynamicObject.GetProperty(String propertyName) in D:\dd\Personal\davidebb\PrivateReflectionUsingDynamic\PrivateReflectionUsingDynamic\PrivateReflectionDynamicObject.cs:line 151
   at PrivateReflectionUsingDynamic.PrivateReflectionDynamicObject.TryGetMember(GetMemberBinder binder, Object&amp; result) in D:\dd\Personal\davidebb\PrivateReflectionUsingDynamic\PrivateReflectionUsingDynamic\PrivateReflectionDynamicObject.cs:line 73
   at CallSite.Target(Closure , CallSite , Object )
   at System.Dynamic.UpdateDelegates.UpdateAndExecute1[T0,TRet](CallSite site, T0 arg0)
   at PrivateReflectionUsingDynamicTests.UnitTest.TestMiscSystemWebCode() in D:\dd\Personal\davidebb\PrivateReflectionUsingDynamic\PrivateReflectionUsingDynamicTests\UnitTest.cs:line 123
</StackTrace>
        </ErrorInfo>
      </Output>
    </UnitTestResult>
  </Results>
</TestRun>